#
# A fatal error has been detected by the Java Runtime Environment:
#
#  SIGSEGV (0xb) at pc=0x00007f9cf1d23401, pid=1946, tid=1960
#
# JRE version: OpenJDK Runtime Environment (17.0+35) (build 17+35-Ubuntu-120.04)
# Java VM: OpenJDK 64-Bit Server VM (17+35-Ubuntu-120.04, mixed mode, sharing, tiered, compressed oops, compressed class ptrs, parallel gc, linux-amd64)
# Problematic frame:
# C  0x00007f9cf1d23401
#
# Core dump will be written. Default location: Core dumps may be processed with "/lib/systemd/systemd-coredump %P %u %g %s %t 9223372036854775808 %h" (or dumping to /home/dawids/Projects/CS4013-Project/core.1946)
#
# If you would like to submit a bug report, please visit:
#   Unknown
#

---------------  S U M M A R Y ------------

Command Line: --add-modules=ALL-SYSTEM --add-opens=java.base/java.util=ALL-UNNAMED --add-opens=java.base/java.lang=ALL-UNNAMED -Declipse.application=org.eclipse.jdt.ls.core.id1 -Dosgi.bundles.defaultStartLevel=4 -Declipse.product=org.eclipse.jdt.ls.core.product -Dfile.encoding=utf8 -XX:+UseParallelGC -XX:GCTimeRatio=4 -XX:AdaptiveSizePolicyWeight=90 -Dsun.zip.disableMemoryMapping=true -Xmx1G -Xms100m /home/dawids/.vscode/extensions/redhat.java-1.0.0/server/plugins/org.eclipse.equinox.launcher_1.6.400.v20210924-0641.jar -configuration /home/dawids/.config/Code/User/globalStorage/redhat.java/1.0.0/config_linux -data /home/dawids/.config/Code/User/workspaceStorage/5302b0bf1709193695acb607d2672b17/redhat.java/jdt_ws

Host: Intel(R) Core(TM) i7-2620M CPU @ 2.70GHz, 
[error occurred during error reporting (printing summary machine and OS info), id 0xb, SIGSEGV (0xb) at pc=0x00007f9cf1d23401]

Time: Fri Nov 26 16:16:53 2021 GMT
[error occurred during error reporting (printing date and time), id 0xb, SIGSEGV (0xb) at pc=0x00007f9cc1eda150]


---------------  T H R E A D  ---------------

Current thread (0x00007f9d001a3ea0):  WatcherThread [stack: 0x00007f9ccbafc000,0x00007f9ccbbfc000] [id=1960]

Stack: [0x00007f9ccbafc000,0x00007f9ccbbfc000],  sp=0x00007f9ccbbfad50,  free space=1019k
Native frames: (J=compiled Java code, j=interpreted, Vv=VM code, C=native code)
C  0x00007f9cf1d23401
V  [libjvm.so+0xe17622]
V  [libjvm.so+0xe9d214]
V  [libjvm.so+0xbfd071]
V  [libjvm.so+0xedd522]
V  [libjvm.so+0xc2ef49]


siginfo: si_signo: 11 (SIGSEGV), si_code: 2 (SEGV_ACCERR), si_addr: 0x00007f9cf1d23401

Register to memory mapping:

RAX=0x00007f9d0951ccf8: <offset 0x000000000127bcf8> in /usr/lib/jvm/java-17-openjdk-amd64/lib/server/libjvm.so at 0x00007f9d082a1000
RBX=0x00007f9d09888978 points into unknown readable memory: 0x000000f328c3645c | 5c 64 c3 28 f3 00 00 00
RCX=0x0000000000000002 is an unknown value
RDX=0x0 is NULL
RSP=0x00007f9ccbbfad50 points into unknown readable memory: 0x00007f9d08ecaab9 | b9 aa ec 08 9d 7f 00 00
RBP=0x00007f9ccbbfad70 points into unknown readable memory: 0x00007f9ccbbfad90 | 90 ad bf cb 9c 7f 00 00
RSI=0x0000000000000200 is an unknown value
RDI=0x00007f9d001a3ce0 points into unknown readable memory: 0x00007f9d0951ccf8 | f8 cc 51 09 9d 7f 00 00
R8 =0x00007f9d001a3ce0 points into unknown readable memory: 0x00007f9d0951ccf8 | f8 cc 51 09 9d 7f 00 00
R9 =0x00007f9ccbbfad88 points into unknown readable memory: 0x0000000000000032 | 32 00 00 00 00 00 00 00
R10=0x0 is NULL
R11=0x0000000000000286 is an unknown value
R12=0x00007f9d001a3dc0 points into unknown readable memory: 0x00007f9d001a3de0 | e0 3d 1a 00 9d 7f 00 00
R13=0x00007f9d0962d480: <offset 0x000000000138c480> in /usr/lib/jvm/java-17-openjdk-amd64/lib/server/libjvm.so at 0x00007f9d082a1000
R14=0x0000000000000001 is an unknown value
R15=0x0000000000000002 is an unknown value


Registers:
RAX=0x00007f9d0951ccf8, RBX=0x00007f9d09888978, RCX=0x0000000000000002, RDX=0x0000000000000000
RSP=0x00007f9ccbbfad50, RBP=0x00007f9ccbbfad70, RSI=0x0000000000000200, RDI=0x00007f9d001a3ce0
R8 =0x00007f9d001a3ce0, R9 =0x00007f9ccbbfad88, R10=0x0000000000000000, R11=0x0000000000000286
R12=0x00007f9d001a3dc0, R13=0x00007f9d0962d480, R14=0x0000000000000001, R15=0x0000000000000002
RIP=0x00007f9cf1d23401, EFLAGS=0x0000000000010206, CSGSFS=0x002b000000000033, ERR=0x0000000000000014
  TRAPNO=0x000000000000000e

Top of Stack: (sp=0x00007f9ccbbfad50)
0x00007f9ccbbfad50:   00007f9d08ecaab9 00007f9d08f0e432
0x00007f9ccbbfad60:   00007f9ccbbfad90 0000000000000005
0x00007f9ccbbfad70:   00007f9ccbbfad90 00007f9d090b8622
0x00007f9ccbbfad80:   0000000000000032 0000000000000032 

Instructions: (pc=0x00007f9cf1d23401)
0x00007f9cf1d23301:   ?? ?? ?? ?? ?? ?? ?? ?? ?? ?? ?? ?? ?? ?? ?? ??
0x00007f9cf1d23311:   ?? ?? ?? ?? ?? ?? ?? ?? ?? ?? ?? ?? ?? ?? ?? ??
0x00007f9cf1d23321:   ?? ?? ?? ?? ?? ?? ?? ?? ?? ?? ?? ?? ?? ?? ?? ??
0x00007f9cf1d23331:   ?? ?? ?? ?? ?? ?? ?? ?? ?? ?? ?? ?? ?? ?? ?? ??
0x00007f9cf1d23341:   ?? ?? ?? ?? ?? ?? ?? ?? ?? ?? ?? ?? ?? ?? ?? ??
0x00007f9cf1d23351:   ?? ?? ?? ?? ?? ?? ?? ?? ?? ?? ?? ?? ?? ?? ?? ??
0x00007f9cf1d23361:   ?? ?? ?? ?? ?? ?? ?? ?? ?? ?? ?? ?? ?? ?? ?? ??
0x00007f9cf1d23371:   ?? ?? ?? ?? ?? ?? ?? ?? ?? ?? ?? ?? ?? ?? ?? ??
0x00007f9cf1d23381:   ?? ?? ?? ?? ?? ?? ?? ?? ?? ?? ?? ?? ?? ?? ?? ??
0x00007f9cf1d23391:   ?? ?? ?? ?? ?? ?? ?? ?? ?? ?? ?? ?? ?? ?? ?? ??
0x00007f9cf1d233a1:   ?? ?? ?? ?? ?? ?? ?? ?? ?? ?? ?? ?? ?? ?? ?? ??
0x00007f9cf1d233b1:   ?? ?? ?? ?? ?? ?? ?? ?? ?? ?? ?? ?? ?? ?? ?? ??
0x00007f9cf1d233c1:   ?? ?? ?? ?? ?? ?? ?? ?? ?? ?? ?? ?? ?? ?? ?? ??
0x00007f9cf1d233d1:   ?? ?? ?? ?? ?? ?? ?? ?? ?? ?? ?? ?? ?? ?? ?? ??
0x00007f9cf1d233e1:   ?? ?? ?? ?? ?? ?? ?? ?? ?? ?? ?? ?? ?? ?? ?? ??
0x00007f9cf1d233f1:   ?? ?? ?? ?? ?? ?? ?? ?? ?? ?? ?? ?? ?? ?? ?? ??
0x00007f9cf1d23401:   ?? ?? ?? ?? ?? ?? ?? ?? ?? ?? ?? ?? ?? ?? ?? ??
0x00007f9cf1d23411:   ?? ?? ?? ?? ?? ?? ?? ?? ?? ?? ?? ?? ?? ?? ?? ??
0x00007f9cf1d23421:   ?? ?? ?? ?? ?? ?? ?? ?? ?? ?? ?? ?? ?? ?? ?? ??
0x00007f9cf1d23431:   ?? ?? ?? ?? ?? ?? ?? ?? ?? ?? ?? ?? ?? ?? ?? ??
0x00007f9cf1d23441:   ?? ?? ?? ?? ?? ?? ?? ?? ?? ?? ?? ?? ?? ?? ?? ??
0x00007f9cf1d23451:   ?? ?? ?? ?? ?? ?? ?? ?? ?? ?? ?? ?? ?? ?? ?? ??
0x00007f9cf1d23461:   ?? ?? ?? ?? ?? ?? ?? ?? ?? ?? ?? ?? ?? ?? ?? ??
0x00007f9cf1d23471:   ?? ?? ?? ?? ?? ?? ?? ?? ?? ?? ?? ?? ?? ?? ?? ??
0x00007f9cf1d23481:   ?? ?? ?? ?? ?? ?? ?? ?? ?? ?? ?? ?? ?? ?? ?? ??
0x00007f9cf1d23491:   ?? ?? ?? ?? ?? ?? ?? ?? ?? ?? ?? ?? ?? ?? ?? ??
0x00007f9cf1d234a1:   ?? ?? ?? ?? ?? ?? ?? ?? ?? ?? ?? ?? ?? ?? ?? ??
0x00007f9cf1d234b1:   ?? ?? ?? ?? ?? ?? ?? ?? ?? ?? ?? ?? ?? ?? ?? ??
0x00007f9cf1d234c1:   ?? ?? ?? ?? ?? ?? ?? ?? ?? ?? ?? ?? ?? ?? ?? ??
0x00007f9cf1d234d1:   ?? ?? ?? ?? ?? ?? ?? ?? ?? ?? ?? ?? ?? ?? ?? ??
0x00007f9cf1d234e1:   ?? ?? ?? ?? ?? ?? ?? ?? ?? ?? ?? ?? ?? ?? ?? ??
0x00007f9cf1d234f1:   ?? ?? ?? ?? ?? ?? ?? ?? ?? ?? ?? ?? ?? ?? ?? ?? 


Stack slot to memory mapping:
stack at sp + 0 slots: 0x00007f9d08ecaab9: <offset 0x0000000000c29ab9> in /usr/lib/jvm/java-17-openjdk-amd64/lib/server/libjvm.so at 0x00007f9d082a1000
stack at sp + 1 slots: 0x00007f9d08f0e432: <offset 0x0000000000c6d432> in /usr/lib/jvm/java-17-openjdk-amd64/lib/server/libjvm.so at 0x00007f9d082a1000
stack at sp + 2 slots: 0x00007f9ccbbfad90 points into unknown readable memory: 0x00007f9ccbbfade0 | e0 ad bf cb 9c 7f 00 00
stack at sp + 3 slots: 0x0000000000000005 is an unknown value
stack at sp + 4 slots: 0x00007f9ccbbfad90 points into unknown readable memory: 0x00007f9ccbbfade0 | e0 ad bf cb 9c 7f 00 00
stack at sp + 5 slots: 0x00007f9d090b8622: <offset 0x0000000000e17622> in /usr/lib/jvm/java-17-openjdk-amd64/lib/server/libjvm.so at 0x00007f9d082a1000
stack at sp + 6 slots: 0x0000000000000032 is an unknown value
stack at sp + 7 slots: 0x0000000000000032 is an unknown value


---------------  P R O C E S S  ---------------

Threads class SMR info:
_java_thread_list=0x00007f9c80003580, length=22, elements={
0x00007f9d000126d0, 0x00007f9d000f3eb0, 0x00007f9d000f52c0, 0x00007f9d000ffdd0,
0x00007f9d00101150, 0x00007f9d00102530, 0x00007f9d00103eb0, 0x00007f9d001053b0,
0x00007f9d001067f0, 0x00007f9d0012a250, 0x00007f9d001a2510, 0x00007f9d0038b5b0,
0x00007f9d003de800, 0x00007f9d003e13a0, 0x00007f9ca4032c40, 0x00007f9ca4205650,
0x00007f9c84000f40, 0x00007f9ca452c020, 0x00007f9d0043dae0, 0x00007f9d004bb840,
0x00007f9c7c000e60, 0x00007f9c80004fe0
}

Java Threads: ( => current thread )
  0x00007f9d000126d0 JavaThread "main" [_thread_blocked, id=1947, stack(0x00007f9d07e54000,0x00007f9d07f55000)]
  0x00007f9d000f3eb0 JavaThread "Reference Handler" daemon [_thread_blocked, id=1950, stack(0x00007f9d042b5000,0x00007f9d043b6000)]
  0x00007f9d000f52c0 JavaThread "Finalizer" daemon [_thread_blocked, id=1951, stack(0x00007f9d041b4000,0x00007f9d042b5000)]
  0x00007f9d000ffdd0 JavaThread "Signal Dispatcher" daemon [_thread_blocked, id=1952, stack(0x00007f9d040b3000,0x00007f9d041b4000)]
  0x00007f9d00101150 JavaThread "Service Thread" daemon [_thread_blocked, id=1953, stack(0x00007f9ce9065000,0x00007f9ce9166000)]
  0x00007f9d00102530 JavaThread "Monitor Deflation Thread" daemon [_thread_blocked, id=1954, stack(0x00007f9ce818f000,0x00007f9ce8290000)]
  0x00007f9d00103eb0 JavaThread "C2 CompilerThread0" daemon [_thread_blocked, id=1955, stack(0x00007f9ce808e000,0x00007f9ce818f000)]
  0x00007f9d001053b0 JavaThread "C1 CompilerThread0" daemon [_thread_blocked, id=1956, stack(0x00007f9ccbeff000,0x00007f9ccc000000)]
  0x00007f9d001067f0 JavaThread "Sweeper thread" daemon [_thread_blocked, id=1957, stack(0x00007f9ccbdfe000,0x00007f9ccbeff000)]
  0x00007f9d0012a250 JavaThread "Common-Cleaner" daemon [_thread_blocked, id=1958, stack(0x00007f9ccbcfd000,0x00007f9ccbdfe000)]
  0x00007f9d001a2510 JavaThread "Notification Thread" daemon [_thread_blocked, id=1959, stack(0x00007f9ccbbfc000,0x00007f9ccbcfd000)]
  0x00007f9d0038b5b0 JavaThread "Active Thread: Equinox Container: 12876dd8-31a7-4489-93a8-72dd276db8b5" [_thread_blocked, id=1969, stack(0x00007f9ccb8f8000,0x00007f9ccb9f9000)]
  0x00007f9d003de800 JavaThread "Framework Event Dispatcher: Equinox Container: 12876dd8-31a7-4489-93a8-72dd276db8b5" daemon [_thread_blocked, id=1972, stack(0x00007f9ccb9f9000,0x00007f9ccbafa000)]
  0x00007f9d003e13a0 JavaThread "Start Level: Equinox Container: 12876dd8-31a7-4489-93a8-72dd276db8b5" daemon [_thread_blocked, id=1973, stack(0x00007f9ccb7f7000,0x00007f9ccb8f8000)]
  0x00007f9ca4032c40 JavaThread "SCR Component Actor" daemon [_thread_blocked, id=1978, stack(0x00007f9ccb1df000,0x00007f9ccb2e0000)]
  0x00007f9ca4205650 JavaThread "Worker-JM" [_thread_blocked, id=1986, stack(0x00007f9cca6ff000,0x00007f9cca800000)]
  0x00007f9c84000f40 JavaThread "Worker-1" [_thread_blocked, id=1991, stack(0x00007f9cca3fc000,0x00007f9cca4fd000)]
  0x00007f9ca452c020 JavaThread "Java indexing" daemon [_thread_blocked, id=1994, stack(0x00007f9cca1fa000,0x00007f9cca2fb000)]
  0x00007f9d0043dae0 JavaThread "pool-3-thread-1" [_thread_blocked, id=2018, stack(0x00007f9cca5fe000,0x00007f9cca6ff000)]
  0x00007f9d004bb840 JavaThread "pool-2-thread-1" [_thread_in_native, id=2038, stack(0x00007f9cca0f9000,0x00007f9cca1fa000)]
  0x00007f9c7c000e60 JavaThread "Worker-3" [_thread_blocked, id=2040, stack(0x00007f9cc8dfe000,0x00007f9cc8eff000)]
  0x00007f9c80004fe0 JavaThread "process reaper" daemon [_thread_blocked, id=3569, stack(0x00007f9d04063000,0x00007f9d04085000)]

Other Threads:
  0x00007f9d000ef6c0 VMThread "VM Thread" [stack: 0x00007f9d043b8000,0x00007f9d044b8000] [id=1949]
=>0x00007f9d001a3ea0 WatcherThread [stack: 0x00007f9ccbafc000,0x00007f9ccbbfc000] [id=1960]
  0x00007f9d0002a590 GCTaskThread "GC Thread#0" [stack: 0x00007f9d07920000,0x00007f9d07a20000] [id=1948]
  0x00007f9cdc0010e0 GCTaskThread "GC Thread#1" [stack: 0x00007f9ccb4e6000,0x00007f9ccb5e6000] [id=1974]
  0x00007f9cdc001ae0 GCTaskThread "GC Thread#2" [stack: 0x00007f9ccb3e4000,0x00007f9ccb4e4000] [id=1975]
  0x00007f9cdc0024e0 GCTaskThread "GC Thread#3" [stack: 0x00007f9ccb2e2000,0x00007f9ccb3e2000] [id=1976]

Threads with active compile tasks:

VM state: not at safepoint (normal execution)

VM Mutex/Monitor currently owned by a thread:  ([mutex/lock_event])
[0x00007f9d000106a0] PeriodicTask_lock - owner thread: 0x00007f9d001a3ea0

Heap address: 0x00000000c0000000, size: 1024 MB, Compressed Oops mode: 32-bit

CDS archive(s) mapped at: [0x0000000800000000-0x0000000800bdb000-0x0000000800bdb000), size 12431360, SharedBaseAddress: 0x0000000800000000, ArchiveRelocationMode: 0.
Compressed class space mapped at: 0x0000000800c00000-0x0000000840c00000, reserved size: 1073741824
Narrow klass base: 0x0000000800000000, Narrow klass shift: 0, Narrow klass range: 0x100000000

GC Precious Log:
 CPUs: 4 total, 4 available
 Memory: 15966M
 Large Page Support: Disabled
 NUMA Support: Disabled
 Compressed Oops: Enabled (32-bit)
 Alignments: Space 512K, Generation 512K, Heap 2M
 Heap Min Capacity: 100M
 Heap Initial Capacity: 100M
 Heap Max Capacity: 1G
 Pre-touch: Disabled
 Parallel Workers: 4

Heap:
 PSYoungGen      total 27648K, used 17909K [0x00000000eab00000, 0x00000000ecc80000, 0x0000000100000000)
  eden space 22016K, 56% used [0x00000000eab00000,0x00000000eb70ba10,0x00000000ec080000)
  from space 5632K, 98% used [0x00000000ec080000,0x00000000ec5f1ca8,0x00000000ec600000)
  to   space 6144K, 0% used [0x00000000ec680000,0x00000000ec680000,0x00000000ecc80000)
 ParOldGen       total 124928K, used 70457K [0x00000000c0000000, 0x00000000c7a00000, 0x00000000eab00000)
  object space 124928K, 56% used [0x00000000c0000000,0x00000000c44ce7f8,0x00000000c7a00000)
 Metaspace       used 52439K, committed 53312K, reserved 1097728K
  class space    used 5587K, committed 5952K, reserved 1048576K

Card table byte_map: [0x00007f9d07a20000,0x00007f9d07c21000] _byte_map_base: 0x00007f9d07420000

Marking Bits: (ParMarkBitMap*) 0x00007f9d09623420
 Begin Bits: [0x00007f9d057c8000, 0x00007f9d067c8000)
 End Bits:   [0x00007f9d067c8000, 0x00007f9d077c8000)

Polling page: 0x00007f9d0988d000

Metaspace:

Usage:
  Non-class:     45.75 MB used.
      Class:      5.46 MB used.
       Both:     51.21 MB used.

Virtual space:
  Non-class space:       48.00 MB reserved,      46.25 MB ( 96%) committed,  6 nodes.
      Class space:        1.00 GB reserved,       5.81 MB ( <1%) committed,  1 nodes.
             Both:        1.05 GB reserved,      52.06 MB (  5%) committed. 

Chunk freelists:
   Non-Class:  1.26 MB
       Class:  2.16 MB
        Both:  3.42 MB

MaxMetaspaceSize: unlimited
CompressedClassSpaceSize: 1.00 GB
Initial GC threshold: 21.00 MB
Current GC threshold: 76.81 MB
CDS: on
MetaspaceReclaimPolicy: balanced
 - commit_granule_bytes: 65536.
 - commit_granule_words: 8192.
 - virtual_space_node_default_size: 1048576.
 - enlarge_chunks_in_place: 1.
 - new_chunks_are_fully_committed: 0.
 - uncommit_free_chunks: 1.
 - use_allocation_guard: 0.
 - handle_deallocations: 1.


Internal statistics:

num_allocs_failed_limit: 6.
num_arena_births: 374.
num_arena_deaths: 0.
num_vsnodes_births: 7.
num_vsnodes_deaths: 0.
num_space_committed: 833.
num_space_uncommitted: 0.
num_chunks_returned_to_freelist: 6.
num_chunks_taken_from_freelist: 2484.
num_chunk_merges: 6.
num_chunk_splits: 1689.
num_chunks_enlarged: 1130.
num_purges: 0.
num_inconsistent_stats: 0.

CodeHeap 'non-profiled nmethods': size=120032Kb used=2803Kb max_used=2803Kb free=117228Kb
 bounds [0x00007f9cf0c2e000, 0x00007f9cf0f0e000, 0x00007f9cf8166000]
CodeHeap 'profiled nmethods': size=120028Kb used=11754Kb max_used=11754Kb free=108273Kb
 bounds [0x00007f9ce96f7000, 0x00007f9cea277000, 0x00007f9cf0c2e000]
CodeHeap 'non-nmethods': size=5700Kb used=1315Kb max_used=1403Kb free=4385Kb
 bounds [0x00007f9ce9166000, 0x00007f9ce93d6000, 0x00007f9ce96f7000]
 total_blobs=6061 nmethods=5404 adapters=572
 compilation: enabled
              stopped_count=0, restarted_count=0
 full_count=0

Compilation events (20 events):
Event: 871.436 Thread 0x00007f9d001053b0 nmethod 6323 0x00007f9cea26f890 code [0x00007f9cea26fa40, 0x00007f9cea26fcb0]
Event: 871.437 Thread 0x00007f9d00103eb0 nmethod 6322 0x00007f9cf0d78810 code [0x00007f9cf0d78980, 0x00007f9cf0d789f8]
Event: 934.739 Thread 0x00007f9d001053b0 6324       3       java.util.concurrent.locks.LockSupport::parkNanos (29 bytes)
Event: 934.739 Thread 0x00007f9d001053b0 nmethod 6324 0x00007f9cea26fd90 code [0x00007f9cea26ff60, 0x00007f9cea270160]
Event: 944.747 Thread 0x00007f9d001053b0 6325       1       java.util.concurrent.ThreadPoolExecutor::getQueue (5 bytes)
Event: 944.747 Thread 0x00007f9d001053b0 nmethod 6325 0x00007f9cf0d78510 code [0x00007f9cf0d786a0, 0x00007f9cf0d78770]
Event: 954.751 Thread 0x00007f9d001053b0 6326       3       java.io.FileDescriptor$1::set (6 bytes)
Event: 954.752 Thread 0x00007f9d001053b0 nmethod 6326 0x00007f9cea270290 code [0x00007f9cea270440, 0x00007f9cea2707e0]
Event: 954.752 Thread 0x00007f9d001053b0 6327  s    3       java.io.FileDescriptor::set (30 bytes)
Event: 954.753 Thread 0x00007f9d001053b0 nmethod 6327 0x00007f9cea270910 code [0x00007f9cea270ac0, 0x00007f9cea270de0]
Event: 954.755 Thread 0x00007f9d001053b0 6328       3       java.util.concurrent.ScheduledThreadPoolExecutor$DelayedWorkQueue::setIndex (16 bytes)
Event: 954.755 Thread 0x00007f9d001053b0 nmethod 6328 0x00007f9cea270f10 code [0x00007f9cea2710c0, 0x00007f9cea2713d0]
Event: 974.767 Thread 0x00007f9d001053b0 6329       3       java.lang.ProcessImpl::newFileDescriptor (20 bytes)
Event: 974.768 Thread 0x00007f9d001053b0 nmethod 6329 0x00007f9cea271490 code [0x00007f9cea271660, 0x00007f9cea271bc0]
Event: 984.775 Thread 0x00007f9d001053b0 6330       3       java.util.concurrent.SynchronousQueue$TransferStack::casHead (26 bytes)
Event: 984.778 Thread 0x00007f9d001053b0 nmethod 6330 0x00007f9cea271e10 code [0x00007f9cea2720c0, 0x00007f9cea272d90]
Event: 1004.790 Thread 0x00007f9d001053b0 6332       3       java.util.concurrent.CompletableFuture::<init> (5 bytes)
Event: 1004.791 Thread 0x00007f9d001053b0 nmethod 6332 0x00007f9cea273210 code [0x00007f9cea2733c0, 0x00007f9cea273510]
Event: 1024.803 Thread 0x00007f9d00103eb0 6333       4       java.util.ArrayList::toArray (57 bytes)
Event: 1024.811 Thread 0x00007f9d00103eb0 nmethod 6333 0x00007f9cf0d77990 code [0x00007f9cf0d77b20, 0x00007f9cf0d77fb8]

GC Heap History (20 events):
Event: 7.696 GC heap before
{Heap before GC invocations=14 (full 2):
 PSYoungGen      total 25088K, used 24992K [0x00000000eab00000, 0x00000000ec880000, 0x0000000100000000)
  eden space 22528K, 100% used [0x00000000eab00000,0x00000000ec100000,0x00000000ec100000)
  from space 2560K, 96% used [0x00000000ec180000,0x00000000ec3e8010,0x00000000ec400000)
  to   space 3584K, 0% used [0x00000000ec500000,0x00000000ec500000,0x00000000ec880000)
 ParOldGen       total 68608K, used 23720K [0x00000000c0000000, 0x00000000c4300000, 0x00000000eab00000)
  object space 68608K, 34% used [0x00000000c0000000,0x00000000c172a1b0,0x00000000c4300000)
 Metaspace       used 39185K, committed 39936K, reserved 1089536K
  class space    used 4354K, committed 4672K, reserved 1048576K
}
Event: 7.702 GC heap after
{Heap after GC invocations=14 (full 2):
 PSYoungGen      total 24576K, used 2144K [0x00000000eab00000, 0x00000000ec780000, 0x0000000100000000)
  eden space 22016K, 0% used [0x00000000eab00000,0x00000000eab00000,0x00000000ec080000)
  from space 2560K, 83% used [0x00000000ec500000,0x00000000ec718000,0x00000000ec780000)
  to   space 2560K, 0% used [0x00000000ec280000,0x00000000ec280000,0x00000000ec500000)
 ParOldGen       total 68608K, used 26134K [0x00000000c0000000, 0x00000000c4300000, 0x00000000eab00000)
  object space 68608K, 38% used [0x00000000c0000000,0x00000000c1985a40,0x00000000c4300000)
 Metaspace       used 39185K, committed 39936K, reserved 1089536K
  class space    used 4354K, committed 4672K, reserved 1048576K
}
Event: 8.794 GC heap before
{Heap before GC invocations=15 (full 2):
 PSYoungGen      total 24576K, used 24148K [0x00000000eab00000, 0x00000000ec780000, 0x0000000100000000)
  eden space 22016K, 99% used [0x00000000eab00000,0x00000000ec07d398,0x00000000ec080000)
  from space 2560K, 83% used [0x00000000ec500000,0x00000000ec718000,0x00000000ec780000)
  to   space 2560K, 0% used [0x00000000ec280000,0x00000000ec280000,0x00000000ec500000)
 ParOldGen       total 68608K, used 26134K [0x00000000c0000000, 0x00000000c4300000, 0x00000000eab00000)
  object space 68608K, 38% used [0x00000000c0000000,0x00000000c1985a40,0x00000000c4300000)
 Metaspace       used 44143K, committed 44992K, reserved 1089536K
  class space    used 4893K, committed 5248K, reserved 1048576K
}
Event: 8.802 GC heap after
{Heap after GC invocations=15 (full 2):
 PSYoungGen      total 24576K, used 2537K [0x00000000eab00000, 0x00000000ece80000, 0x0000000100000000)
  eden space 22016K, 0% used [0x00000000eab00000,0x00000000eab00000,0x00000000ec080000)
  from space 2560K, 99% used [0x00000000ec280000,0x00000000ec4fa7f0,0x00000000ec500000)
  to   space 7168K, 0% used [0x00000000ec780000,0x00000000ec780000,0x00000000ece80000)
 ParOldGen       total 68608K, used 29842K [0x00000000c0000000, 0x00000000c4300000, 0x00000000eab00000)
  object space 68608K, 43% used [0x00000000c0000000,0x00000000c1d24808,0x00000000c4300000)
 Metaspace       used 44143K, committed 44992K, reserved 1089536K
  class space    used 4893K, committed 5248K, reserved 1048576K
}
Event: 9.150 GC heap before
{Heap before GC invocations=16 (full 3):
 PSYoungGen      total 24576K, used 24553K [0x00000000eab00000, 0x00000000ece80000, 0x0000000100000000)
  eden space 22016K, 99% used [0x00000000eab00000,0x00000000ec07ffe0,0x00000000ec080000)
  from space 2560K, 99% used [0x00000000ec280000,0x00000000ec4fa7f0,0x00000000ec500000)
  to   space 7168K, 0% used [0x00000000ec780000,0x00000000ec780000,0x00000000ece80000)
 ParOldGen       total 68608K, used 67180K [0x00000000c0000000, 0x00000000c4300000, 0x00000000eab00000)
  object space 68608K, 97% used [0x00000000c0000000,0x00000000c419b358,0x00000000c4300000)
 Metaspace       used 44586K, committed 45312K, reserved 1097728K
  class space    used 4946K, committed 5248K, reserved 1048576K
}
Event: 9.357 GC heap after
{Heap after GC invocations=16 (full 3):
 PSYoungGen      total 29184K, used 0K [0x00000000eab00000, 0x00000000ece80000, 0x0000000100000000)
  eden space 22016K, 0% used [0x00000000eab00000,0x00000000eab00000,0x00000000ec080000)
  from space 7168K, 0% used [0x00000000ec780000,0x00000000ec780000,0x00000000ece80000)
  to   space 7168K, 0% used [0x00000000ec080000,0x00000000ec080000,0x00000000ec780000)
 ParOldGen       total 73728K, used 44478K [0x00000000c0000000, 0x00000000c4800000, 0x00000000eab00000)
  object space 73728K, 60% used [0x00000000c0000000,0x00000000c2b6fad0,0x00000000c4800000)
 Metaspace       used 44586K, committed 45312K, reserved 1097728K
  class space    used 4946K, committed 5248K, reserved 1048576K
}
Event: 9.572 GC heap before
{Heap before GC invocations=17 (full 3):
 PSYoungGen      total 29184K, used 22016K [0x00000000eab00000, 0x00000000ece80000, 0x0000000100000000)
  eden space 22016K, 100% used [0x00000000eab00000,0x00000000ec080000,0x00000000ec080000)
  from space 7168K, 0% used [0x00000000ec780000,0x00000000ec780000,0x00000000ece80000)
  to   space 7168K, 0% used [0x00000000ec080000,0x00000000ec080000,0x00000000ec780000)
 ParOldGen       total 73728K, used 44478K [0x00000000c0000000, 0x00000000c4800000, 0x00000000eab00000)
  object space 73728K, 60% used [0x00000000c0000000,0x00000000c2b6fad0,0x00000000c4800000)
 Metaspace       used 44764K, committed 45504K, reserved 1097728K
  class space    used 4957K, committed 5248K, reserved 1048576K
}
Event: 9.590 GC heap after
{Heap after GC invocations=17 (full 3):
 PSYoungGen      total 28672K, used 7150K [0x00000000eab00000, 0x00000000ee100000, 0x0000000100000000)
  eden space 21504K, 0% used [0x00000000eab00000,0x00000000eab00000,0x00000000ec000000)
  from space 7168K, 99% used [0x00000000ec080000,0x00000000ec77b9f0,0x00000000ec780000)
  to   space 16896K, 0% used [0x00000000ed080000,0x00000000ed080000,0x00000000ee100000)
 ParOldGen       total 73728K, used 52158K [0x00000000c0000000, 0x00000000c4800000, 0x00000000eab00000)
  object space 73728K, 70% used [0x00000000c0000000,0x00000000c32efad0,0x00000000c4800000)
 Metaspace       used 44764K, committed 45504K, reserved 1097728K
  class space    used 4957K, committed 5248K, reserved 1048576K
}
Event: 9.679 GC heap before
{Heap before GC invocations=18 (full 3):
 PSYoungGen      total 28672K, used 28654K [0x00000000eab00000, 0x00000000ee100000, 0x0000000100000000)
  eden space 21504K, 100% used [0x00000000eab00000,0x00000000ec000000,0x00000000ec000000)
  from space 7168K, 99% used [0x00000000ec080000,0x00000000ec77b9f0,0x00000000ec780000)
  to   space 16896K, 0% used [0x00000000ed080000,0x00000000ed080000,0x00000000ee100000)
 ParOldGen       total 73728K, used 52158K [0x00000000c0000000, 0x00000000c4800000, 0x00000000eab00000)
  object space 73728K, 70% used [0x00000000c0000000,0x00000000c32efad0,0x00000000c4800000)
 Metaspace       used 44769K, committed 45504K, reserved 1097728K
  class space    used 4957K, committed 5248K, reserved 1048576K
}
Event: 9.722 GC heap after
{Heap after GC invocations=18 (full 3):
 PSYoungGen      total 39424K, used 15104K [0x00000000eab00000, 0x00000000eec80000, 0x0000000100000000)
  eden space 22528K, 0% used [0x00000000eab00000,0x00000000eab00000,0x00000000ec100000)
  from space 16896K, 89% used [0x00000000ed080000,0x00000000edf40000,0x00000000ee100000)
  to   space 15872K, 0% used [0x00000000ec100000,0x00000000ec100000,0x00000000ed080000)
 ParOldGen       total 73728K, used 59289K [0x00000000c0000000, 0x00000000c4800000, 0x00000000eab00000)
  object space 73728K, 80% used [0x00000000c0000000,0x00000000c39e6428,0x00000000c4800000)
 Metaspace       used 44769K, committed 45504K, reserved 1097728K
  class space    used 4957K, committed 5248K, reserved 1048576K
}
Event: 10.851 GC heap before
{Heap before GC invocations=19 (full 3):
 PSYoungGen      total 39424K, used 37632K [0x00000000eab00000, 0x00000000eec80000, 0x0000000100000000)
  eden space 22528K, 100% used [0x00000000eab00000,0x00000000ec100000,0x00000000ec100000)
  from space 16896K, 89% used [0x00000000ed080000,0x00000000edf40000,0x00000000ee100000)
  to   space 15872K, 0% used [0x00000000ec100000,0x00000000ec100000,0x00000000ed080000)
 ParOldGen       total 73728K, used 59289K [0x00000000c0000000, 0x00000000c4800000, 0x00000000eab00000)
  object space 73728K, 80% used [0x00000000c0000000,0x00000000c39e6428,0x00000000c4800000)
 Metaspace       used 46371K, committed 47168K, reserved 1097728K
  class space    used 5078K, committed 5376K, reserved 1048576K
}
Event: 10.883 GC heap after
{Heap after GC invocations=19 (full 3):
 PSYoungGen      total 31232K, used 8880K [0x00000000eab00000, 0x00000000ed680000, 0x0000000100000000)
  eden space 22016K, 0% used [0x00000000eab00000,0x00000000eab00000,0x00000000ec080000)
  from space 9216K, 96% used [0x00000000ec100000,0x00000000ec9ac030,0x00000000eca00000)
  to   space 11264K, 0% used [0x00000000ecb80000,0x00000000ecb80000,0x00000000ed680000)
 ParOldGen       total 74752K, used 74393K [0x00000000c0000000, 0x00000000c4900000, 0x00000000eab00000)
  object space 74752K, 99% used [0x00000000c0000000,0x00000000c48a6428,0x00000000c4900000)
 Metaspace       used 46371K, committed 47168K, reserved 1097728K
  class space    used 5078K, committed 5376K, reserved 1048576K
}
Event: 10.883 GC heap before
{Heap before GC invocations=20 (full 4):
 PSYoungGen      total 31232K, used 8880K [0x00000000eab00000, 0x00000000ed680000, 0x0000000100000000)
  eden space 22016K, 0% used [0x00000000eab00000,0x00000000eab00000,0x00000000ec080000)
  from space 9216K, 96% used [0x00000000ec100000,0x00000000ec9ac030,0x00000000eca00000)
  to   space 11264K, 0% used [0x00000000ecb80000,0x00000000ecb80000,0x00000000ed680000)
 ParOldGen       total 74752K, used 74393K [0x00000000c0000000, 0x00000000c4900000, 0x00000000eab00000)
  object space 74752K, 99% used [0x00000000c0000000,0x00000000c48a6428,0x00000000c4900000)
 Metaspace       used 46371K, committed 47168K, reserved 1097728K
  class space    used 5078K, committed 5376K, reserved 1048576K
}
Event: 11.126 GC heap after
{Heap after GC invocations=20 (full 4):
 PSYoungGen      total 33280K, used 0K [0x00000000eab00000, 0x00000000edd00000, 0x0000000100000000)
  eden space 22016K, 0% used [0x00000000eab00000,0x00000000eab00000,0x00000000ec080000)
  from space 11264K, 0% used [0x00000000ecb80000,0x00000000ecb80000,0x00000000ed680000)
  to   space 11264K, 0% used [0x00000000ec080000,0x00000000ec080000,0x00000000ecb80000)
 ParOldGen       total 124928K, used 70433K [0x00000000c0000000, 0x00000000c7a00000, 0x00000000eab00000)
  object space 124928K, 56% used [0x00000000c0000000,0x00000000c44c87f8,0x00000000c7a00000)
 Metaspace       used 46371K, committed 47168K, reserved 1097728K
  class space    used 5078K, committed 5376K, reserved 1048576K
}
Event: 11.909 GC heap before
{Heap before GC invocations=21 (full 4):
 PSYoungGen      total 33280K, used 21987K [0x00000000eab00000, 0x00000000edd00000, 0x0000000100000000)
  eden space 22016K, 99% used [0x00000000eab00000,0x00000000ec078fc0,0x00000000ec080000)
  from space 11264K, 0% used [0x00000000ecb80000,0x00000000ecb80000,0x00000000ed680000)
  to   space 11264K, 0% used [0x00000000ec080000,0x00000000ec080000,0x00000000ecb80000)
 ParOldGen       total 124928K, used 70433K [0x00000000c0000000, 0x00000000c7a00000, 0x00000000eab00000)
  object space 124928K, 56% used [0x00000000c0000000,0x00000000c44c87f8,0x00000000c7a00000)
 Metaspace       used 47951K, committed 48768K, reserved 1097728K
  class space    used 5181K, committed 5568K, reserved 1048576K
}
Event: 11.916 GC heap after
{Heap after GC invocations=21 (full 4):
 PSYoungGen      total 24576K, used 2432K [0x00000000eab00000, 0x00000000ecc00000, 0x0000000100000000)
  eden space 22016K, 0% used [0x00000000eab00000,0x00000000eab00000,0x00000000ec080000)
  from space 2560K, 95% used [0x00000000ec080000,0x00000000ec2e0000,0x00000000ec300000)
  to   space 5632K, 0% used [0x00000000ec680000,0x00000000ec680000,0x00000000ecc00000)
 ParOldGen       total 124928K, used 70441K [0x00000000c0000000, 0x00000000c7a00000, 0x00000000eab00000)
  object space 124928K, 56% used [0x00000000c0000000,0x00000000c44ca7f8,0x00000000c7a00000)
 Metaspace       used 47951K, committed 48768K, reserved 1097728K
  class space    used 5181K, committed 5568K, reserved 1048576K
}
Event: 12.366 GC heap before
{Heap before GC invocations=22 (full 4):
 PSYoungGen      total 24576K, used 24396K [0x00000000eab00000, 0x00000000ecc00000, 0x0000000100000000)
  eden space 22016K, 99% used [0x00000000eab00000,0x00000000ec073180,0x00000000ec080000)
  from space 2560K, 95% used [0x00000000ec080000,0x00000000ec2e0000,0x00000000ec300000)
  to   space 5632K, 0% used [0x00000000ec680000,0x00000000ec680000,0x00000000ecc00000)
 ParOldGen       total 124928K, used 70441K [0x00000000c0000000, 0x00000000c7a00000, 0x00000000eab00000)
  object space 124928K, 56% used [0x00000000c0000000,0x00000000c44ca7f8,0x00000000c7a00000)
 Metaspace       used 48247K, committed 49152K, reserved 1097728K
  class space    used 5190K, committed 5568K, reserved 1048576K
}
Event: 12.371 GC heap after
{Heap after GC invocations=22 (full 4):
 PSYoungGen      total 27136K, used 4759K [0x00000000eab00000, 0x00000000ecb80000, 0x0000000100000000)
  eden space 22016K, 0% used [0x00000000eab00000,0x00000000eab00000,0x00000000ec080000)
  from space 5120K, 92% used [0x00000000ec680000,0x00000000ecb25c98,0x00000000ecb80000)
  to   space 5632K, 0% used [0x00000000ec080000,0x00000000ec080000,0x00000000ec600000)
 ParOldGen       total 124928K, used 70449K [0x00000000c0000000, 0x00000000c7a00000, 0x00000000eab00000)
  object space 124928K, 56% used [0x00000000c0000000,0x00000000c44cc7f8,0x00000000c7a00000)
 Metaspace       used 48247K, committed 49152K, reserved 1097728K
  class space    used 5190K, committed 5568K, reserved 1048576K
}
Event: 12.991 GC heap before
{Heap before GC invocations=23 (full 4):
 PSYoungGen      total 27136K, used 26775K [0x00000000eab00000, 0x00000000ecb80000, 0x0000000100000000)
  eden space 22016K, 100% used [0x00000000eab00000,0x00000000ec080000,0x00000000ec080000)
  from space 5120K, 92% used [0x00000000ec680000,0x00000000ecb25c98,0x00000000ecb80000)
  to   space 5632K, 0% used [0x00000000ec080000,0x00000000ec080000,0x00000000ec600000)
 ParOldGen       total 124928K, used 70449K [0x00000000c0000000, 0x00000000c7a00000, 0x00000000eab00000)
  object space 124928K, 56% used [0x00000000c0000000,0x00000000c44cc7f8,0x00000000c7a00000)
 Metaspace       used 51754K, committed 52608K, reserved 1097728K
  class space    used 5501K, committed 5888K, reserved 1048576K
}
Event: 13.008 GC heap after
{Heap after GC invocations=23 (full 4):
 PSYoungGen      total 27648K, used 5575K [0x00000000eab00000, 0x00000000ecc80000, 0x0000000100000000)
  eden space 22016K, 0% used [0x00000000eab00000,0x00000000eab00000,0x00000000ec080000)
  from space 5632K, 98% used [0x00000000ec080000,0x00000000ec5f1ca8,0x00000000ec600000)
  to   space 6144K, 0% used [0x00000000ec680000,0x00000000ec680000,0x00000000ecc80000)
 ParOldGen       total 124928K, used 70457K [0x00000000c0000000, 0x00000000c7a00000, 0x00000000eab00000)
  object space 124928K, 56% used [0x00000000c0000000,0x00000000c44ce7f8,0x00000000c7a00000)
 Metaspace       used 51754K, committed 52608K, reserved 1097728K
  class space    used 5501K, committed 5888K, reserved 1048576K
}

Deoptimization events (20 events):
Event: 12.807 Thread 0x00007f9c7414e870 Uncommon trap: trap_request=0xffffffde fr.pc=0x00007f9cf0cf4910 relative=0x0000000000000b70
Event: 12.807 Thread 0x00007f9c7414e870 Uncommon trap: reason=class_check action=maybe_recompile pc=0x00007f9cf0cf4910 method=java.util.concurrent.ConcurrentHashMap.putVal(Ljava/lang/Object;Ljava/lang/Object;Z)Ljava/lang/Object; @ 242 c2
Event: 12.807 Thread 0x00007f9c7414e870 DEOPT PACKING pc=0x00007f9cf0cf4910 sp=0x00007f9ccb1dc890
Event: 12.807 Thread 0x00007f9c7414e870 DEOPT UNPACKING pc=0x00007f9ce91b7d99 sp=0x00007f9ccb1dc800 mode 2
Event: 12.978 Thread 0x00007f9c7414e870 Uncommon trap: trap_request=0xffffffc6 fr.pc=0x00007f9cf0dcd1e8 relative=0x0000000000000ac8
Event: 12.978 Thread 0x00007f9c7414e870 Uncommon trap: reason=bimorphic_or_optimized_type_check action=maybe_recompile pc=0x00007f9cf0dcd1e8 method=java.util.HashMap.putVal(ILjava/lang/Object;Ljava/lang/Object;ZZ)Ljava/lang/Object; @ 56 c2
Event: 12.978 Thread 0x00007f9c7414e870 DEOPT PACKING pc=0x00007f9cf0dcd1e8 sp=0x00007f9ccb1dd190
Event: 12.978 Thread 0x00007f9c7414e870 DEOPT UNPACKING pc=0x00007f9ce91b7d99 sp=0x00007f9ccb1dd0f8 mode 2
Event: 13.284 Thread 0x00007f9c741a4af0 Uncommon trap: trap_request=0xffffffc6 fr.pc=0x00007f9cf0dcd1e8 relative=0x0000000000000ac8
Event: 13.284 Thread 0x00007f9c741a4af0 Uncommon trap: reason=bimorphic_or_optimized_type_check action=maybe_recompile pc=0x00007f9cf0dcd1e8 method=java.util.HashMap.putVal(ILjava/lang/Object;Ljava/lang/Object;ZZ)Ljava/lang/Object; @ 56 c2
Event: 13.284 Thread 0x00007f9c741a4af0 DEOPT PACKING pc=0x00007f9cf0dcd1e8 sp=0x00007f9cc83fe190
Event: 13.284 Thread 0x00007f9c741a4af0 DEOPT UNPACKING pc=0x00007f9ce91b7d99 sp=0x00007f9cc83fe0f8 mode 2
Event: 307.983 Thread 0x00007f9c7c000e60 Uncommon trap: trap_request=0xffffffcc fr.pc=0x00007f9cf0d7acc4 relative=0x0000000000000124
Event: 307.983 Thread 0x00007f9c7c000e60 Uncommon trap: reason=intrinsic_or_type_checked_inlining action=make_not_entrant pc=0x00007f9cf0d7acc4 method=java.util.ArrayList.toArray([Ljava/lang/Object;)[Ljava/lang/Object; @ 36 c2
Event: 307.983 Thread 0x00007f9c7c000e60 DEOPT PACKING pc=0x00007f9cf0d7acc4 sp=0x00007f9cc8efd390
Event: 307.983 Thread 0x00007f9c7c000e60 DEOPT UNPACKING pc=0x00007f9ce91b7d99 sp=0x00007f9cc8efd340 mode 2
Event: 307.989 Thread 0x00007f9c7c000e60 Uncommon trap: trap_request=0xffffff45 fr.pc=0x00007f9cf0e5e730 relative=0x0000000000000fb0
Event: 307.989 Thread 0x00007f9c7c000e60 Uncommon trap: reason=unstable_if action=reinterpret pc=0x00007f9cf0e5e730 method=jdk.internal.org.objectweb.asm.ByteVector.enlarge(I)V @ 17 c2
Event: 307.989 Thread 0x00007f9c7c000e60 DEOPT PACKING pc=0x00007f9cf0e5e730 sp=0x00007f9cc8efc090
Event: 307.989 Thread 0x00007f9c7c000e60 DEOPT UNPACKING pc=0x00007f9ce91b7d99 sp=0x00007f9cc8efbf68 mode 2

Classes unloaded (0 events):
No events

Classes redefined (0 events):
No events

Internal exceptions (20 events):
Event: 13.059 Thread 0x00007f9c84000f40 Exception <a 'java/lang/ArrayIndexOutOfBoundsException'{0x00000000eac521f0}> (0x00000000eac521f0) 
thrown [src/hotspot/share/runtime/sharedRuntime.cpp, line 628]
Event: 13.063 Thread 0x00007f9c84000f40 Exception <a 'java/lang/NoSuchMethodError'{0x00000000eac5a9b8}: 'java.lang.Object java.lang.invoke.DirectMethodHandle$Holder.invokeStatic(java.lang.Object, java.lang.Object, int, java.lang.Object)'> (0x00000000eac5a9b8) 
thrown [src/hotspot/share/interpreter/linkResolver.cpp, line 765]
Event: 13.066 Thread 0x00007f9c84000f40 Exception <a 'java/lang/NoSuchMethodError'{0x00000000eac63168}: 'java.lang.Object java.lang.invoke.DirectMethodHandle$Holder.newInvokeSpecial(java.lang.Object, java.lang.Object, int)'> (0x00000000eac63168) 
thrown [src/hotspot/share/interpreter/linkResolver.cpp, line 765]
Event: 13.075 Thread 0x00007f9c84000f40 Exception <a 'java/lang/ArrayIndexOutOfBoundsException'{0x00000000eac9bfd8}> (0x00000000eac9bfd8) 
thrown [src/hotspot/share/runtime/sharedRuntime.cpp, line 628]
Event: 13.081 Thread 0x00007f9d004bb840 Exception <a 'java/lang/NoSuchMethodError'{0x00000000eac6ade0}: 'java.lang.Object java.lang.invoke.DirectMethodHandle$Holder.invokeStatic(java.lang.Object, int, java.lang.Object)'> (0x00000000eac6ade0) 
thrown [src/hotspot/share/interpreter/linkResolver.cpp, line 765]
Event: 13.087 Thread 0x00007f9d004bb840 Exception <a 'java/lang/ClassNotFoundException'{0x00000000eacb5f10}: sun/util/logging/resources/spi/loggingProvider> (0x00000000eacb5f10) 
thrown [src/hotspot/share/classfile/systemDictionary.cpp, line 256]
Event: 13.098 Thread 0x00007f9c84000f40 Exception <a 'java/lang/ArrayIndexOutOfBoundsException'{0x00000000ead08770}> (0x00000000ead08770) 
thrown [src/hotspot/share/runtime/sharedRuntime.cpp, line 628]
Event: 13.100 Thread 0x00007f9c741a4af0 Exception <a 'java/lang/ArrayIndexOutOfBoundsException'{0x00000000ead475f0}> (0x00000000ead475f0) 
thrown [src/hotspot/share/runtime/sharedRuntime.cpp, line 628]
Event: 13.103 Thread 0x00007f9c84000f40 Exception <a 'java/lang/ArrayIndexOutOfBoundsException'{0x00000000eadc5980}> (0x00000000eadc5980) 
thrown [src/hotspot/share/runtime/sharedRuntime.cpp, line 628]
Event: 13.134 Thread 0x00007f9c741a4af0 Exception <a 'java/lang/ArrayIndexOutOfBoundsException'{0x00000000eaf29ed8}> (0x00000000eaf29ed8) 
thrown [src/hotspot/share/runtime/sharedRuntime.cpp, line 628]
Event: 13.135 Thread 0x00007f9c741a4af0 Exception <a 'java/lang/ArrayIndexOutOfBoundsException'{0x00000000eaf2dc78}> (0x00000000eaf2dc78) 
thrown [src/hotspot/share/runtime/sharedRuntime.cpp, line 628]
Event: 13.143 Thread 0x00007f9c741a4af0 Exception <a 'java/lang/ArrayIndexOutOfBoundsException'{0x00000000eafa77f0}> (0x00000000eafa77f0) 
thrown [src/hotspot/share/runtime/sharedRuntime.cpp, line 628]
Event: 13.221 Thread 0x00007f9c741a3470 Exception <a 'java/lang/ArrayIndexOutOfBoundsException'{0x00000000eb0b9288}> (0x00000000eb0b9288) 
thrown [src/hotspot/share/runtime/sharedRuntime.cpp, line 628]
Event: 13.221 Thread 0x00007f9c741a3470 Exception <a 'java/lang/ArrayIndexOutOfBoundsException'{0x00000000eb0b95a8}> (0x00000000eb0b95a8) 
thrown [src/hotspot/share/runtime/sharedRuntime.cpp, line 628]
Event: 13.233 Thread 0x00007f9c741a4af0 Exception <a 'java/lang/ArrayIndexOutOfBoundsException'{0x00000000eb119d78}> (0x00000000eb119d78) 
thrown [src/hotspot/share/runtime/sharedRuntime.cpp, line 628]
Event: 13.277 Thread 0x00007f9c741a4af0 Exception <a 'java/lang/ArrayIndexOutOfBoundsException'{0x00000000eb28c0f0}> (0x00000000eb28c0f0) 
thrown [src/hotspot/share/runtime/sharedRuntime.cpp, line 628]
Event: 13.280 Thread 0x00007f9c741a4af0 Exception <a 'java/lang/ArrayIndexOutOfBoundsException'{0x00000000eb2ba5e8}> (0x00000000eb2ba5e8) 
thrown [src/hotspot/share/runtime/sharedRuntime.cpp, line 628]
Event: 307.990 Thread 0x00007f9c7c000e60 Exception <a 'java/lang/NoSuchMethodError'{0x00000000eb50e2b0}: 'java.lang.Object java.lang.invoke.DirectMethodHandle$Holder.newInvokeSpecial(java.lang.Object, java.lang.Object, java.lang.Object, java.lang.Object, java.lang.Object, java.lang.Object, java.lang.Object, java.lang.Object)'> (0x00000000eb50e2b0) 
thrown [src/hotspot/share/interpreter/linkResolver.cpp, line 765]
Event: 307.991 Thread 0x00007f9c7c000e60 Exception <a 'java/lang/NoSuchMethodError'{0x00000000eb513378}: 'java.lang.Object java.lang.invoke.DirectMethodHandle$Holder.invokeSpecial(java.lang.Object, java.lang.Object, java.lang.Object, java.lang.Object, java.lang.Object, java.lang.Object, java.lang.Object, java.lang.Object, java.lang.Object)'> (0x00000000eb513378) 
thrown [src/hotspot/share/interpreter/linkResolver.cpp, line 765]
Event: 307.991 Thread 0x00007f9c7c000e60 Exception <a 'java/lang/NoSuchMethodError'{0x00000000eb518048}: 'java.lang.Object java.lang.invoke.Invokers$Holder.linkToTargetMethod(java.lang.Object, java.lang.Object, java.lang.Object, java.lang.Object, java.lang.Object, java.lang.Object, java.lang.Object, java.lang.Object)'> (0x00000000eb518048) 
thrown [src/hotspot/share/interpreter/linkResolver.cpp, line 765]

VM Operations (20 events):
Event: 12.908 Executing VM operation: HandshakeAllThreads
Event: 12.908 Executing VM operation: HandshakeAllThreads done
Event: 12.910 Executing VM operation: HandshakeAllThreads
Event: 12.910 Executing VM operation: HandshakeAllThreads done
Event: 12.922 Executing VM operation: HandshakeAllThreads
Event: 12.922 Executing VM operation: HandshakeAllThreads done
Event: 12.984 Executing VM operation: ParallelGCFailedAllocation
Event: 13.008 Executing VM operation: ParallelGCFailedAllocation done
Event: 13.295 Executing VM operation: HandshakeAllThreads
Event: 13.315 Executing VM operation: HandshakeAllThreads done
Event: 14.315 Executing VM operation: Cleanup
Event: 14.315 Executing VM operation: Cleanup done
Event: 44.318 Executing VM operation: Cleanup
Event: 44.318 Executing VM operation: Cleanup done
Event: 228.708 Executing VM operation: HandshakeAllThreads
Event: 228.709 Executing VM operation: HandshakeAllThreads done
Event: 308.720 Executing VM operation: Cleanup
Event: 308.720 Executing VM operation: Cleanup done
Event: 874.805 Executing VM operation: Cleanup
Event: 874.805 Executing VM operation: Cleanup done

Events (20 events):
Event: 193.320 Thread 0x00007f9c7414e870 Thread exited: 0x00007f9c7414e870
Event: 284.334 Thread 0x00007f9d0027af80 Thread exited: 0x00007f9d0027af80
Event: 294.337 Thread 0x00007f9c80004fe0 Thread added: 0x00007f9c80004fe0
Event: 294.337 Protecting memory [0x00007f9d04063000,0x00007f9d04067000] with protection modes 0
Event: 307.982 loading class java/io/DataOutputStream
Event: 307.982 loading class java/io/DataOutputStream done
Event: 307.985 loading class java/io/ObjectOutputStream$BlockDataOutputStream
Event: 307.985 loading class java/io/ObjectOutputStream$BlockDataOutputStream done
Event: 307.985 loading class java/io/ObjectOutputStream$HandleTable
Event: 307.985 loading class java/io/ObjectOutputStream$HandleTable done
Event: 307.985 loading class java/io/ObjectOutputStream$ReplaceTable
Event: 307.985 loading class java/io/ObjectOutputStream$ReplaceTable done
Event: 307.989 loading class org/eclipse/core/internal/resources/SaveManager
Event: 307.989 loading class org/eclipse/core/internal/resources/SaveManager done
Event: 307.989 loading class org/eclipse/core/internal/watson/ElementTree
Event: 307.989 loading class org/eclipse/core/internal/watson/ElementTree done
Event: 307.989 loading class org/eclipse/core/internal/resources/MarkerManager
Event: 307.989 loading class org/eclipse/core/internal/resources/MarkerManager done
Event: 307.990 loading class org/eclipse/core/internal/watson/ElementTree
Event: 307.990 loading class org/eclipse/core/internal/watson/ElementTree done


Dynamic libraries:
c0000000-c7a00000 rw-p 00000000 00:00 0 
c7a00000-eab00000 ---p 00000000 00:00 0 
eab00000-ecc80000 rw-p 00000000 00:00 0 
ecc80000-100000000 ---p 00000000 00:00 0 
800000000-80043f000 rw-p 00001000 08:05 10751024                         /usr/lib/jvm/java-17-openjdk-amd64/lib/server/classes.jsa
80043f000-800bdb000 r--p 00440000 08:05 10751024                         /usr/lib/jvm/java-17-openjdk-amd64/lib/server/classes.jsa
800bdb000-800c00000 ---p 00000000 00:00 0 
800c00000-800c20000 rw-p 00000000 00:00 0 
800c20000-800c40000 rw-p 00000000 00:00 0 
800c40000-800cc0000 rw-p 00000000 00:00 0 
800cc0000-800d00000 rw-p 00000000 00:00 0 
800d00000-800e40000 rw-p 00000000 00:00 0 
800e40000-800e80000 rw-p 00000000 00:00 0 
800e80000-801160000 rw-p 00000000 00:00 0 
801160000-801170000 rw-p 00000000 00:00 0 
801170000-801180000 ---p 00000000 00:00 0 
801180000-8011e0000 rw-p 00000000 00:00 0 
8011e0000-840c00000 ---p 00000000 00:00 0 
5627a1880000-5627a1881000 r--p 00000000 08:05 10750599                   /usr/lib/jvm/java-17-openjdk-amd64/bin/java
5627a1881000-5627a1882000 r-xp 00001000 08:05 10750599                   /usr/lib/jvm/java-17-openjdk-amd64/bin/java
5627a1882000-5627a1883000 r--p 00002000 08:05 10750599                   /usr/lib/jvm/java-17-openjdk-amd64/bin/java
5627a1883000-5627a1884000 r--p 00002000 08:05 10750599                   /usr/lib/jvm/java-17-openjdk-amd64/bin/java
5627a1884000-5627a1885000 rw-p 00003000 08:05 10750599                   /usr/lib/jvm/java-17-openjdk-amd64/bin/java
5627a2a22000-5627a2b89000 rw-p 00000000 00:00 0                          [heap]
7f9c60166000-7f9c68000000 r--s 00000000 08:05 10751021                   /usr/lib/jvm/java-17-openjdk-amd64/lib/modules
7f9c68000000-7f9c69411000 rw-p 00000000 00:00 0 
7f9c69411000-7f9c6c000000 ---p 00000000 00:00 0 
7f9c6f000000-7f9c6f6c0000 rw-p 00000000 00:00 0 
7f9c6f6c0000-7f9c6f800000 ---p 00000000 00:00 0 
7f9c6fbfc000-7f9c6fc00000 ---p 00000000 00:00 0 
7f9c6fc00000-7f9c6fcfd000 rw-p 00000000 00:00 0 
7f9c6fcfd000-7f9c6fd01000 ---p 00000000 00:00 0 
7f9c6fd01000-7f9c6fdfe000 rw-p 00000000 00:00 0 
7f9c6fdfe000-7f9c6fe02000 ---p 00000000 00:00 0 
7f9c6fe02000-7f9c6feff000 rw-p 00000000 00:00 0 
7f9c6feff000-7f9c6ff03000 ---p 00000000 00:00 0 
7f9c6ff03000-7f9c70000000 rw-p 00000000 00:00 0 
7f9c70000000-7f9c70171000 rw-p 00000000 00:00 0 
7f9c70171000-7f9c74000000 ---p 00000000 00:00 0 
7f9c74000000-7f9c742de000 rw-p 00000000 00:00 0 
7f9c742de000-7f9c78000000 ---p 00000000 00:00 0 
7f9c78000000-7f9c78071000 rw-p 00000000 00:00 0 
7f9c78071000-7f9c7c000000 ---p 00000000 00:00 0 
7f9c7c000000-7f9c7c462000 rw-p 00000000 00:00 0 
7f9c7c462000-7f9c80000000 ---p 00000000 00:00 0 
7f9c80000000-7f9c800b2000 rw-p 00000000 00:00 0 
7f9c800b2000-7f9c84000000 ---p 00000000 00:00 0 
7f9c84000000-7f9c8410c000 rw-p 00000000 00:00 0 
7f9c8410c000-7f9c88000000 ---p 00000000 00:00 0 
7f9c88000000-7f9c89b4d000 rw-p 00000000 00:00 0 
7f9c89b4d000-7f9c8c000000 ---p 00000000 00:00 0 
7f9c8c000000-7f9c8c021000 rw-p 00000000 00:00 0 
7f9c8c021000-7f9c90000000 ---p 00000000 00:00 0 
7f9c90000000-7f9c90028000 rw-p 00000000 00:00 0 
7f9c90028000-7f9c94000000 ---p 00000000 00:00 0 
7f9c94000000-7f9c9408b000 rw-p 00000000 00:00 0 
7f9c9408b000-7f9c98000000 ---p 00000000 00:00 0 
7f9c98000000-7f9c98021000 rw-p 00000000 00:00 0 
7f9c98021000-7f9c9c000000 ---p 00000000 00:00 0 
7f9c9c000000-7f9c9c021000 rw-p 00000000 00:00 0 
7f9c9c021000-7f9ca0000000 ---p 00000000 00:00 0 
7f9ca0000000-7f9ca0021000 rw-p 00000000 00:00 0 
7f9ca0021000-7f9ca4000000 ---p 00000000 00:00 0 
7f9ca4000000-7f9ca48f0000 rw-p 00000000 00:00 0 
7f9ca48f0000-7f9ca8000000 ---p 00000000 00:00 0 
7f9ca8000000-7f9ca8021000 rw-p 00000000 00:00 0 
7f9ca8021000-7f9cac000000 ---p 00000000 00:00 0 
7f9cac000000-7f9cac180000 rw-p 00000000 00:00 0 
7f9cac180000-7f9cb0000000 ---p 00000000 00:00 0 
7f9cb0000000-7f9cb0021000 rw-p 00000000 00:00 0 
7f9cb0021000-7f9cb4000000 ---p 00000000 00:00 0 
7f9cb4000000-7f9cb4021000 rw-p 00000000 00:00 0 
7f9cb4021000-7f9cb8000000 ---p 00000000 00:00 0 
7f9cb8000000-7f9cb8021000 rw-p 00000000 00:00 0 
7f9cb8021000-7f9cbc000000 ---p 00000000 00:00 0 
7f9cbc000000-7f9cbc021000 rw-p 00000000 00:00 0 
7f9cbc021000-7f9cc0000000 ---p 00000000 00:00 0 
7f9cc0000000-7f9cc106b000 rw-p 00000000 00:00 0 
7f9cc106b000-7f9cc4000000 ---p 00000000 00:00 0 
7f9cc4000000-7f9cc6630000 rw-p 00000000 00:00 0 
7f9cc6630000-7f9cc8000000 ---p 00000000 00:00 0 
7f9cc80fd000-7f9cc8101000 ---p 00000000 00:00 0 
7f9cc8101000-7f9cc81fe000 rw-p 00000000 00:00 0 
7f9cc81fe000-7f9cc8202000 ---p 00000000 00:00 0 
7f9cc8202000-7f9cc82ff000 rw-p 00000000 00:00 0 
7f9cc82ff000-7f9cc8303000 ---p 00000000 00:00 0 
7f9cc8303000-7f9cc8580000 rw-p 00000000 00:00 0 
7f9cc8580000-7f9cc8600000 rw-p 00000000 00:00 0 
7f9cc8600000-7f9cc8b00000 rw-p 00000000 00:00 0 
7f9cc8b00000-7f9cc8b80000 rw-p 00000000 00:00 0 
7f9cc8b80000-7f9cc8c00000 ---p 00000000 00:00 0 
7f9cc8cfd000-7f9cc8d01000 ---p 00000000 00:00 0 
7f9cc8d01000-7f9cc8dfe000 rw-p 00000000 00:00 0 
7f9cc8dfe000-7f9cc8e02000 ---p 00000000 00:00 0 
7f9cc8e02000-7f9cc8eff000 rw-p 00000000 00:00 0 
7f9cc8eff000-7f9cc8f03000 ---p 00000000 00:00 0 
7f9cc8f03000-7f9cc9800000 rw-p 00000000 00:00 0 
7f9cc9800000-7f9cc9b00000 rw-p 00000000 00:00 0 
7f9cc9b00000-7f9cc9c00000 rw-p 00000000 00:00 0 
7f9cc9c00000-7f9cc9f00000 rw-p 00000000 00:00 0 
7f9cc9f00000-7f9cca000000 rw-p 00000000 00:00 0 
7f9cca0f9000-7f9cca0fd000 ---p 00000000 00:00 0 
7f9cca0fd000-7f9cca1fa000 rw-p 00000000 00:00 0 
7f9cca1fa000-7f9cca1fe000 ---p 00000000 00:00 0 
7f9cca1fe000-7f9cca2fb000 rw-p 00000000 00:00 0 
7f9cca2fb000-7f9cca2ff000 ---p 00000000 00:00 0 
7f9cca2ff000-7f9cca3fc000 rw-p 00000000 00:00 0 
7f9cca3fc000-7f9cca400000 ---p 00000000 00:00 0 
7f9cca400000-7f9cca4fd000 rw-p 00000000 00:00 0 
7f9cca4fd000-7f9cca501000 ---p 00000000 00:00 0 
7f9cca501000-7f9cca5fe000 rw-p 00000000 00:00 0 
7f9cca5fe000-7f9cca602000 ---p 00000000 00:00 0 
7f9cca602000-7f9cca6ff000 rw-p 00000000 00:00 0 
7f9cca6ff000-7f9cca703000 ---p 00000000 00:00 0 
7f9cca703000-7f9ccab00000 rw-p 00000000 00:00 0 
7f9ccab00000-7f9ccac00000 rw-p 00000000 00:00 0 
7f9ccac00000-7f9ccb000000 rw-p 00000000 00:00 0 
7f9ccb0de000-7f9ccb0e2000 ---p 00000000 00:00 0 
7f9ccb0e2000-7f9ccb1df000 rw-p 00000000 00:00 0 
7f9ccb1df000-7f9ccb1e3000 ---p 00000000 00:00 0 
7f9ccb1e3000-7f9ccb2e0000 rw-p 00000000 00:00 0 
7f9ccb2e0000-7f9ccb2e1000 ---p 00000000 00:00 0 
7f9ccb2e1000-7f9ccb3e2000 rw-p 00000000 00:00 0 
7f9ccb3e2000-7f9ccb3e3000 ---p 00000000 00:00 0 
7f9ccb3e3000-7f9ccb4e4000 rw-p 00000000 00:00 0 
7f9ccb4e4000-7f9ccb4e5000 ---p 00000000 00:00 0 
7f9ccb4e5000-7f9ccb5e6000 rw-p 00000000 00:00 0 
7f9ccb5e6000-7f9ccb5f6000 r-xp 00000000 08:05 1577455                    /home/dawids/.config/Code/User/globalStorage/redhat.java/1.0.0/config_linux/org.eclipse.equinox.launcher/org.eclipse.equinox.launcher.gtk.linux.x86_64_1.2.400.v20210928-1041/eclipse_11600.so
7f9ccb5f6000-7f9ccb7f5000 ---p 00010000 08:05 1577455                    /home/dawids/.config/Code/User/globalStorage/redhat.java/1.0.0/config_linux/org.eclipse.equinox.launcher/org.eclipse.equinox.launcher.gtk.linux.x86_64_1.2.400.v20210928-1041/eclipse_11600.so
7f9ccb7f5000-7f9ccb7f6000 r--p 0000f000 08:05 1577455                    /home/dawids/.config/Code/User/globalStorage/redhat.java/1.0.0/config_linux/org.eclipse.equinox.launcher/org.eclipse.equinox.launcher.gtk.linux.x86_64_1.2.400.v20210928-1041/eclipse_11600.so
7f9ccb7f6000-7f9ccb7f7000 rw-p 00010000 08:05 1577455                    /home/dawids/.config/Code/User/globalStorage/redhat.java/1.0.0/config_linux/org.eclipse.equinox.launcher/org.eclipse.equinox.launcher.gtk.linux.x86_64_1.2.400.v20210928-1041/eclipse_11600.so
7f9ccb7f7000-7f9ccb7fb000 ---p 00000000 00:00 0 
7f9ccb7fb000-7f9ccb8f8000 rw-p 00000000 00:00 0 
7f9ccb8f8000-7f9ccb8fc000 ---p 00000000 00:00 0 
7f9ccb8fc000-7f9ccb9f9000 rw-p 00000000 00:00 0 
7f9ccb9f9000-7f9ccb9fd000 ---p 00000000 00:00 0 
7f9ccb9fd000-7f9ccbafa000 rw-p 00000000 00:00 0 
7f9ccbafa000-7f9ccbafb000 ---p 00000000 00:00 0 
7f9ccbafb000-7f9ccbbfc000 rw-p 00000000 00:00 0 
7f9ccbbfc000-7f9ccbc00000 ---p 00000000 00:00 0 
7f9ccbc00000-7f9ccbcfd000 rw-p 00000000 00:00 0 
7f9ccbcfd000-7f9ccbd01000 ---p 00000000 00:00 0 
7f9ccbd01000-7f9ccbdfe000 rw-p 00000000 00:00 0 
7f9ccbdfe000-7f9ccbe02000 ---p 00000000 00:00 0 
7f9ccbe02000-7f9ccbeff000 rw-p 00000000 00:00 0 
7f9ccbeff000-7f9ccbf03000 ---p 00000000 00:00 0 
7f9ccbf03000-7f9ccc000000 rw-p 00000000 00:00 0 
7f9ccc000000-7f9ccc021000 rw-p 00000000 00:00 0 
7f9ccc021000-7f9cd0000000 ---p 00000000 00:00 0 
7f9cd0000000-7f9cd0021000 rw-p 00000000 00:00 0 
7f9cd0021000-7f9cd4000000 ---p 00000000 00:00 0 
7f9cd4000000-7f9cd4021000 rw-p 00000000 00:00 0 
7f9cd4021000-7f9cd8000000 ---p 00000000 00:00 0 
7f9cd8000000-7f9cd8021000 rw-p 00000000 00:00 0 
7f9cd8021000-7f9cdc000000 ---p 00000000 00:00 0 
7f9cdc000000-7f9cdc021000 rw-p 00000000 00:00 0 
7f9cdc021000-7f9ce0000000 ---p 00000000 00:00 0 
7f9ce0000000-7f9ce0021000 rw-p 00000000 00:00 0 
7f9ce0021000-7f9ce4000000 ---p 00000000 00:00 0 
7f9ce4000000-7f9ce4021000 rw-p 00000000 00:00 0 
7f9ce4021000-7f9ce8000000 ---p 00000000 00:00 0 
7f9ce808e000-7f9ce8092000 ---p 00000000 00:00 0 
7f9ce8092000-7f9ce818f000 rw-p 00000000 00:00 0 
7f9ce818f000-7f9ce8193000 ---p 00000000 00:00 0 
7f9ce8193000-7f9ce8290000 rw-p 00000000 00:00 0 
7f9ce8290000-7f9ce8800000 r--p 00000000 08:05 10754618                   /usr/lib/locale/locale-archive
7f9ce8800000-7f9ce8c00000 rw-p 00000000 00:00 0 
7f9ce8c00000-7f9ce9000000 rw-p 00000000 00:00 0 
7f9ce9065000-7f9ce9069000 ---p 00000000 00:00 0 
7f9ce9069000-7f9ce9166000 rw-p 00000000 00:00 0 
7f9ce9166000-7f9ce93d6000 rwxp 00000000 00:00 0 
7f9ce93d6000-7f9ce96f7000 ---p 00000000 00:00 0 
7f9ce96f7000-7f9cea277000 rwxp 00000000 00:00 0 
7f9cea277000-7f9cf0c2e000 ---p 00000000 00:00 0 
7f9cf0c2e000-7f9cf0f0e000 rwxp 00000000 00:00 0 
7f9cf0f0e000-7f9cf8166000 ---p 00000000 00:00 0 
7f9cf8166000-7f9d00000000 r--s 00000000 08:05 10751021                   /usr/lib/jvm/java-17-openjdk-amd64/lib/modules
7f9d00000000-7f9d004c0000 rw-p 00000000 00:00 0 
7f9d004c0000-7f9d04000000 ---p 00000000 00:00 0 
7f9d04052000-7f9d04056000 r--p 00000000 08:05 10751019                   /usr/lib/jvm/java-17-openjdk-amd64/lib/libverify.so
7f9d04056000-7f9d0405d000 r-xp 00004000 08:05 10751019                   /usr/lib/jvm/java-17-openjdk-amd64/lib/libverify.so
7f9d0405d000-7f9d0405f000 r--p 0000b000 08:05 10751019                   /usr/lib/jvm/java-17-openjdk-amd64/lib/libverify.so
7f9d0405f000-7f9d04060000 ---p 0000d000 08:05 10751019                   /usr/lib/jvm/java-17-openjdk-amd64/lib/libverify.so
7f9d04060000-7f9d04062000 r--p 0000d000 08:05 10751019                   /usr/lib/jvm/java-17-openjdk-amd64/lib/libverify.so
7f9d04062000-7f9d04063000 rw-p 0000f000 08:05 10751019                   /usr/lib/jvm/java-17-openjdk-amd64/lib/libverify.so
7f9d04063000-7f9d04067000 ---p 00000000 00:00 0 
7f9d04067000-7f9d04085000 rw-p 00000000 00:00 0 
7f9d04085000-7f9d04089000 r--p 00000000 08:05 10751010                   /usr/lib/jvm/java-17-openjdk-amd64/lib/libnet.so
7f9d04089000-7f9d04097000 r-xp 00004000 08:05 10751010                   /usr/lib/jvm/java-17-openjdk-amd64/lib/libnet.so
7f9d04097000-7f9d0409b000 r--p 00012000 08:05 10751010                   /usr/lib/jvm/java-17-openjdk-amd64/lib/libnet.so
7f9d0409b000-7f9d0409c000 r--p 00015000 08:05 10751010                   /usr/lib/jvm/java-17-openjdk-amd64/lib/libnet.so
7f9d0409c000-7f9d0409d000 rw-p 00016000 08:05 10751010                   /usr/lib/jvm/java-17-openjdk-amd64/lib/libnet.so
7f9d0409d000-7f9d040a3000 r--p 00000000 08:05 10751011                   /usr/lib/jvm/java-17-openjdk-amd64/lib/libnio.so
7f9d040a3000-7f9d040ac000 r-xp 00006000 08:05 10751011                   /usr/lib/jvm/java-17-openjdk-amd64/lib/libnio.so
7f9d040ac000-7f9d040b0000 r--p 0000f000 08:05 10751011                   /usr/lib/jvm/java-17-openjdk-amd64/lib/libnio.so
7f9d040b0000-7f9d040b1000 ---p 00013000 08:05 10751011                   /usr/lib/jvm/java-17-openjdk-amd64/lib/libnio.so
7f9d040b1000-7f9d040b2000 r--p 00013000 08:05 10751011                   /usr/lib/jvm/java-17-openjdk-amd64/lib/libnio.so
7f9d040b2000-7f9d040b3000 rw-p 00014000 08:05 10751011                   /usr/lib/jvm/java-17-openjdk-amd64/lib/libnio.so
7f9d040b3000-7f9d040b7000 ---p 00000000 00:00 0 
7f9d040b7000-7f9d041b4000 rw-p 00000000 00:00 0 
7f9d041b4000-7f9d041b8000 ---p 00000000 00:00 0 
7f9d041b8000-7f9d042b5000 rw-p 00000000 00:00 0 
7f9d042b5000-7f9d042b9000 ---p 00000000 00:00 0 
7f9d042b9000-7f9d043b6000 rw-p 00000000 00:00 0 
7f9d043b6000-7f9d043b7000 ---p 00000000 00:00 0 
7f9d043b7000-7f9d044b8000 rw-p 00000000 00:00 0 
7f9d044b8000-7f9d044bc000 r--p 00000000 08:05 10751017                   /usr/lib/jvm/java-17-openjdk-amd64/lib/libsvml.so
7f9d044bc000-7f9d044fd000 r-xp 00004000 08:05 10751017                   /usr/lib/jvm/java-17-openjdk-amd64/lib/libsvml.so
7f9d044fd000-7f9d04586000 r--p 00045000 08:05 10751017                   /usr/lib/jvm/java-17-openjdk-amd64/lib/libsvml.so
7f9d04586000-7f9d04587000 r--p 000cd000 08:05 10751017                   /usr/lib/jvm/java-17-openjdk-amd64/lib/libsvml.so
7f9d04587000-7f9d04588000 rw-p 000ce000 08:05 10751017                   /usr/lib/jvm/java-17-openjdk-amd64/lib/libsvml.so
7f9d04588000-7f9d07805000 rw-p 00000000 00:00 0 
7f9d07805000-7f9d0791e000 ---p 00000000 00:00 0 
7f9d0791e000-7f9d0791f000 ---p 00000000 00:00 0 
7f9d0791f000-7f9d07a5d000 rw-p 00000000 00:00 0 
7f9d07a5d000-7f9d07b75000 ---p 00000000 00:00 0 
7f9d07b75000-7f9d07b87000 rw-p 00000000 00:00 0 
7f9d07b87000-7f9d07c20000 ---p 00000000 00:00 0 
7f9d07c20000-7f9d07c27000 rw-p 00000000 00:00 0 
7f9d07c27000-7f9d07d0c000 ---p 00000000 00:00 0 
7f9d07d0c000-7f9d07d23000 rw-p 00000000 00:00 0 
7f9d07d23000-7f9d07df7000 ---p 00000000 00:00 0 
7f9d07df7000-7f9d07dfc000 rw-p 00000000 00:00 0 
7f9d07dfc000-7f9d07e03000 ---p 00000000 00:00 0 
7f9d07e03000-7f9d07e0f000 r--p 00000000 08:05 10750998                   /usr/lib/jvm/java-17-openjdk-amd64/lib/libjava.so
7f9d07e0f000-7f9d07e22000 r-xp 0000c000 08:05 10750998                   /usr/lib/jvm/java-17-openjdk-amd64/lib/libjava.so
7f9d07e22000-7f9d07e28000 r--p 0001f000 08:05 10750998                   /usr/lib/jvm/java-17-openjdk-amd64/lib/libjava.so
7f9d07e28000-7f9d07e29000 ---p 00025000 08:05 10750998                   /usr/lib/jvm/java-17-openjdk-amd64/lib/libjava.so
7f9d07e29000-7f9d07e2a000 r--p 00025000 08:05 10750998                   /usr/lib/jvm/java-17-openjdk-amd64/lib/libjava.so
7f9d07e2a000-7f9d07e2b000 rw-p 00026000 08:05 10750998                   /usr/lib/jvm/java-17-openjdk-amd64/lib/libjava.so
7f9d07e2b000-7f9d07e2c000 rw-p 00000000 00:00 0 
7f9d07e2c000-7f9d07e2f000 r--p 00000000 08:05 10756423                   /usr/lib/x86_64-linux-gnu/libnss_files-2.31.so
7f9d07e2f000-7f9d07e36000 r-xp 00003000 08:05 10756423                   /usr/lib/x86_64-linux-gnu/libnss_files-2.31.so
7f9d07e36000-7f9d07e38000 r--p 0000a000 08:05 10756423                   /usr/lib/x86_64-linux-gnu/libnss_files-2.31.so
7f9d07e38000-7f9d07e39000 r--p 0000b000 08:05 10756423                   /usr/lib/x86_64-linux-gnu/libnss_files-2.31.so
7f9d07e39000-7f9d07e3a000 rw-p 0000c000 08:05 10756423                   /usr/lib/x86_64-linux-gnu/libnss_files-2.31.so
7f9d07e3a000-7f9d07e40000 rw-p 00000000 00:00 0 
7f9d07e40000-7f9d07e47000 r--s 00000000 08:05 11538834                   /usr/lib/x86_64-linux-gnu/gconv/gconv-modules.cache
7f9d07e47000-7f9d07e49000 r--s 0000c000 08:05 11667287                   /usr/share/java/java-atk-wrapper.jar
7f9d07e49000-7f9d07e4b000 r--p 00000000 08:05 10751020                   /usr/lib/jvm/java-17-openjdk-amd64/lib/libzip.so
7f9d07e4b000-7f9d07e50000 r-xp 00002000 08:05 10751020                   /usr/lib/jvm/java-17-openjdk-amd64/lib/libzip.so
7f9d07e50000-7f9d07e52000 r--p 00007000 08:05 10751020                   /usr/lib/jvm/java-17-openjdk-amd64/lib/libzip.so
7f9d07e52000-7f9d07e53000 r--p 00008000 08:05 10751020                   /usr/lib/jvm/java-17-openjdk-amd64/lib/libzip.so
7f9d07e53000-7f9d07e54000 rw-p 00009000 08:05 10751020                   /usr/lib/jvm/java-17-openjdk-amd64/lib/libzip.so
7f9d07e54000-7f9d07e58000 ---p 00000000 00:00 0 
7f9d07e58000-7f9d07f55000 rw-p 00000000 00:00 0 
7f9d07f55000-7f9d07f58000 r--p 00000000 08:05 10756000                   /usr/lib/x86_64-linux-gnu/libgcc_s.so.1
7f9d07f58000-7f9d07f6a000 r-xp 00003000 08:05 10756000                   /usr/lib/x86_64-linux-gnu/libgcc_s.so.1
7f9d07f6a000-7f9d07f6e000 r--p 00015000 08:05 10756000                   /usr/lib/x86_64-linux-gnu/libgcc_s.so.1
7f9d07f6e000-7f9d07f6f000 r--p 00018000 08:05 10756000                   /usr/lib/x86_64-linux-gnu/libgcc_s.so.1
7f9d07f6f000-7f9d07f70000 rw-p 00019000 08:05 10756000                   /usr/lib/x86_64-linux-gnu/libgcc_s.so.1
7f9d07f70000-7f9d07f7f000 r--p 00000000 08:05 10756275                   /usr/lib/x86_64-linux-gnu/libm-2.31.so
7f9d07f7f000-7f9d08026000 r-xp 0000f000 08:05 10756275                   /usr/lib/x86_64-linux-gnu/libm-2.31.so
7f9d08026000-7f9d080bd000 r--p 000b6000 08:05 10756275                   /usr/lib/x86_64-linux-gnu/libm-2.31.so
7f9d080bd000-7f9d080be000 r--p 0014c000 08:05 10756275                   /usr/lib/x86_64-linux-gnu/libm-2.31.so
7f9d080be000-7f9d080bf000 rw-p 0014d000 08:05 10756275                   /usr/lib/x86_64-linux-gnu/libm-2.31.so
7f9d080bf000-7f9d08155000 r--p 00000000 08:05 10755601                   /usr/lib/x86_64-linux-gnu/libstdc++.so.6.0.28
7f9d08155000-7f9d08246000 r-xp 00096000 08:05 10755601                   /usr/lib/x86_64-linux-gnu/libstdc++.so.6.0.28
7f9d08246000-7f9d0828f000 r--p 00187000 08:05 10755601                   /usr/lib/x86_64-linux-gnu/libstdc++.so.6.0.28
7f9d0828f000-7f9d08290000 ---p 001d0000 08:05 10755601                   /usr/lib/x86_64-linux-gnu/libstdc++.so.6.0.28
7f9d08290000-7f9d0829b000 r--p 001d0000 08:05 10755601                   /usr/lib/x86_64-linux-gnu/libstdc++.so.6.0.28
7f9d0829b000-7f9d0829e000 rw-p 001db000 08:05 10755601                   /usr/lib/x86_64-linux-gnu/libstdc++.so.6.0.28
7f9d0829e000-7f9d082a1000 rw-p 00000000 00:00 0 
7f9d082a1000-7f9d084f0000 r--p 00000000 08:05 10751027                   /usr/lib/jvm/java-17-openjdk-amd64/lib/server/libjvm.so
7f9d084f0000-7f9d09280000 r-xp 0024f000 08:05 10751027                   /usr/lib/jvm/java-17-openjdk-amd64/lib/server/libjvm.so
7f9d09280000-7f9d09504000 r--p 00fdf000 08:05 10751027                   /usr/lib/jvm/java-17-openjdk-amd64/lib/server/libjvm.so
7f9d09504000-7f9d09505000 ---p 01263000 08:05 10751027                   /usr/lib/jvm/java-17-openjdk-amd64/lib/server/libjvm.so
7f9d09505000-7f9d095bd000 r--p 01263000 08:05 10751027                   /usr/lib/jvm/java-17-openjdk-amd64/lib/server/libjvm.so
7f9d095bd000-7f9d095f1000 rw-p 0131b000 08:05 10751027                   /usr/lib/jvm/java-17-openjdk-amd64/lib/server/libjvm.so
7f9d095f1000-7f9d0964d000 rw-p 00000000 00:00 0 
7f9d0964d000-7f9d09654000 r--p 00000000 08:05 10756576                   /usr/lib/x86_64-linux-gnu/libpthread-2.31.so
7f9d09654000-7f9d09665000 r-xp 00007000 08:05 10756576                   /usr/lib/x86_64-linux-gnu/libpthread-2.31.so
7f9d09665000-7f9d0966a000 r--p 00018000 08:05 10756576                   /usr/lib/x86_64-linux-gnu/libpthread-2.31.so
7f9d0966a000-7f9d0966b000 r--p 0001c000 08:05 10756576                   /usr/lib/x86_64-linux-gnu/libpthread-2.31.so
7f9d0966b000-7f9d0966c000 rw-p 0001d000 08:05 10756576                   /usr/lib/x86_64-linux-gnu/libpthread-2.31.so
7f9d0966c000-7f9d09670000 rw-p 00000000 00:00 0 
7f9d09670000-7f9d09671000 r--p 00000000 08:05 10755734                   /usr/lib/x86_64-linux-gnu/libdl-2.31.so
7f9d09671000-7f9d09673000 r-xp 00001000 08:05 10755734                   /usr/lib/x86_64-linux-gnu/libdl-2.31.so
7f9d09673000-7f9d09674000 r--p 00003000 08:05 10755734                   /usr/lib/x86_64-linux-gnu/libdl-2.31.so
7f9d09674000-7f9d09675000 r--p 00003000 08:05 10755734                   /usr/lib/x86_64-linux-gnu/libdl-2.31.so
7f9d09675000-7f9d09676000 rw-p 00004000 08:05 10755734                   /usr/lib/x86_64-linux-gnu/libdl-2.31.so
7f9d09676000-7f9d09678000 r--p 00000000 08:05 10757014                   /usr/lib/x86_64-linux-gnu/libz.so.1.2.11
7f9d09678000-7f9d09689000 r-xp 00002000 08:05 10757014                   /usr/lib/x86_64-linux-gnu/libz.so.1.2.11
7f9d09689000-7f9d0968f000 r--p 00013000 08:05 10757014                   /usr/lib/x86_64-linux-gnu/libz.so.1.2.11
7f9d0968f000-7f9d09690000 ---p 00019000 08:05 10757014                   /usr/lib/x86_64-linux-gnu/libz.so.1.2.11
7f9d09690000-7f9d09691000 r--p 00019000 08:05 10757014                   /usr/lib/x86_64-linux-gnu/libz.so.1.2.11
7f9d09691000-7f9d09692000 rw-p 0001a000 08:05 10757014                   /usr/lib/x86_64-linux-gnu/libz.so.1.2.11
7f9d09692000-7f9d096b7000 r--p 00000000 08:05 10755573                   /usr/lib/x86_64-linux-gnu/libc-2.31.so
7f9d096b7000-7f9d0982f000 r-xp 00025000 08:05 10755573                   /usr/lib/x86_64-linux-gnu/libc-2.31.so
7f9d0982f000-7f9d09879000 r--p 0019d000 08:05 10755573                   /usr/lib/x86_64-linux-gnu/libc-2.31.so
7f9d09879000-7f9d0987a000 ---p 001e7000 08:05 10755573                   /usr/lib/x86_64-linux-gnu/libc-2.31.so
7f9d0987a000-7f9d0987d000 r--p 001e7000 08:05 10755573                   /usr/lib/x86_64-linux-gnu/libc-2.31.so
7f9d0987d000-7f9d09880000 rw-p 001ea000 08:05 10755573                   /usr/lib/x86_64-linux-gnu/libc-2.31.so
7f9d09880000-7f9d09884000 rw-p 00000000 00:00 0 
7f9d09885000-7f9d0988d000 rw-s 00000000 08:05 11803106                   /tmp/hsperfdata_dawids/1946
7f9d0988d000-7f9d0988e000 ---p 00000000 00:00 0 
7f9d0988e000-7f9d0988f000 r--p 00000000 00:00 0 
7f9d0988f000-7f9d09891000 r--p 00000000 08:05 10751001                   /usr/lib/jvm/java-17-openjdk-amd64/lib/libjimage.so
7f9d09891000-7f9d09894000 r-xp 00002000 08:05 10751001                   /usr/lib/jvm/java-17-openjdk-amd64/lib/libjimage.so
7f9d09894000-7f9d09895000 r--p 00005000 08:05 10751001                   /usr/lib/jvm/java-17-openjdk-amd64/lib/libjimage.so
7f9d09895000-7f9d09896000 ---p 00006000 08:05 10751001                   /usr/lib/jvm/java-17-openjdk-amd64/lib/libjimage.so
7f9d09896000-7f9d09897000 r--p 00006000 08:05 10751001                   /usr/lib/jvm/java-17-openjdk-amd64/lib/libjimage.so
7f9d09897000-7f9d09898000 rw-p 00007000 08:05 10751001                   /usr/lib/jvm/java-17-openjdk-amd64/lib/libjimage.so
7f9d09898000-7f9d0989a000 r--p 00000000 08:05 10751002                   /usr/lib/jvm/java-17-openjdk-amd64/lib/libjli.so
7f9d0989a000-7f9d098a4000 r-xp 00002000 08:05 10751002                   /usr/lib/jvm/java-17-openjdk-amd64/lib/libjli.so
7f9d098a4000-7f9d098a7000 r--p 0000c000 08:05 10751002                   /usr/lib/jvm/java-17-openjdk-amd64/lib/libjli.so
7f9d098a7000-7f9d098a8000 ---p 0000f000 08:05 10751002                   /usr/lib/jvm/java-17-openjdk-amd64/lib/libjli.so
7f9d098a8000-7f9d098a9000 r--p 0000f000 08:05 10751002                   /usr/lib/jvm/java-17-openjdk-amd64/lib/libjli.so
7f9d098a9000-7f9d098aa000 rw-p 00010000 08:05 10751002                   /usr/lib/jvm/java-17-openjdk-amd64/lib/libjli.so
7f9d098aa000-7f9d098ac000 rw-p 00000000 00:00 0 
7f9d098ac000-7f9d098ad000 r--p 00000000 08:05 10755308                   /usr/lib/x86_64-linux-gnu/ld-2.31.so
7f9d098ad000-7f9d098d0000 r-xp 00001000 08:05 10755308                   /usr/lib/x86_64-linux-gnu/ld-2.31.so
7f9d098d0000-7f9d098d8000 r--p 00024000 08:05 10755308                   /usr/lib/x86_64-linux-gnu/ld-2.31.so
7f9d098d8000-7f9d098d9000 ---p 00000000 00:00 0 
7f9d098d9000-7f9d098da000 r--p 0002c000 08:05 10755308                   /usr/lib/x86_64-linux-gnu/ld-2.31.so
7f9d098da000-7f9d098db000 rw-p 0002d000 08:05 10755308                   /usr/lib/x86_64-linux-gnu/ld-2.31.so
7f9d098db000-7f9d098dc000 rw-p 00000000 00:00 0 
7ffd0cffa000-7ffd0d01c000 rw-p 00000000 00:00 0                          [stack]
7ffd0d074000-7ffd0d077000 r--p 00000000 00:00 0                          [vvar]
7ffd0d077000-7ffd0d078000 r-xp 00000000 00:00 0                          [vdso]
ffffffffff600000-ffffffffff601000 --xp 00000000 00:00 0                  [vsyscall]


VM Arguments:
jvm_args: --add-modules=ALL-SYSTEM --add-opens=java.base/java.util=ALL-UNNAMED --add-opens=java.base/java.lang=ALL-UNNAMED -Declipse.application=org.eclipse.jdt.ls.core.id1 -Dosgi.bundles.defaultStartLevel=4 -Declipse.product=org.eclipse.jdt.ls.core.product -Dfile.encoding=utf8 -XX:+UseParallelGC -XX:GCTimeRatio=4 -XX:AdaptiveSizePolicyWeight=90 -Dsun.zip.disableMemoryMapping=true -Xmx1G -Xms100m 
java_command: /home/dawids/.vscode/extensions/redhat.java-1.0.0/server/plugins/org.eclipse.equinox.launcher_1.6.400.v20210924-0641.jar -configuration /home/dawids/.config/Code/User/globalStorage/redhat.java/1.0.0/config_linux -data /home/dawids/.config/Code/User/workspaceStorage/5302b0bf1709193695acb607d2672b17/redhat.java/jdt_ws
java_class_path (initial): /home/dawids/.vscode/extensions/redhat.java-1.0.0/server/plugins/org.eclipse.equinox.launcher_1.6.400.v20210924-0641.jar
Launcher Type: SUN_STANDARD

[Global flags]
    uintx AdaptiveSizePolicyWeight                 = 90                                        {product} {command line}
     intx CICompilerCount                          = 3                                         {product} {ergonomic}
    uintx GCTimeRatio                              = 4                                         {product} {command line}
   size_t InitialHeapSize                          = 104857600                                 {product} {command line}
   size_t MaxHeapSize                              = 1073741824                                {product} {command line}
   size_t MaxNewSize                               = 357564416                                 {product} {ergonomic}
   size_t MinHeapDeltaBytes                        = 524288                                    {product} {ergonomic}
   size_t MinHeapSize                              = 104857600                                 {product} {command line}
   size_t NewSize                                  = 34603008                                  {product} {ergonomic}
    uintx NonNMethodCodeHeapSize                   = 5832780                                {pd product} {ergonomic}
    uintx NonProfiledCodeHeapSize                  = 122912730                              {pd product} {ergonomic}
   size_t OldSize                                  = 70254592                                  {product} {ergonomic}
    uintx ProfiledCodeHeapSize                     = 122912730                              {pd product} {ergonomic}
    uintx ReservedCodeCacheSize                    = 251658240                              {pd product} {ergonomic}
     bool SegmentedCodeCache                       = true                                      {product} {ergonomic}
   size_t SoftMaxHeapSize                          = 1073741824                             {manageable} {ergonomic}
     bool UseCompressedClassPointers               = true                           {product lp64_product} {ergonomic}
     bool UseCompressedOops                        = true                           {product lp64_product} {ergonomic}
     bool UseParallelGC                            = true                                      {product} {command line}

Logging:
Log output configuration:
 #0: stdout all=warning uptime,level,tags
 #1: stderr all=off uptime,level,tags

Environment Variables:
PATH=/usr/local/sbin:/usr/local/bin:/usr/sbin:/usr/bin:/sbin:/bin:/usr/games:/usr/local/games:/snap/bin
SHELL=/bin/bash
DISPLAY=:0
LANG=en_IE.UTF-8

Signal Handlers:
   SIGSEGV: 0x00007f9d091fdcd0 in libjvm.so+16108752, mask=11100100010111111101111111111110, flags=SA_RESTART|SA_SIGINFO
    SIGBUS: 0x00007f9d091fdcd0 in libjvm.so+16108752, mask=11100100010111111101111111111110, flags=SA_RESTART|SA_SIGINFO
    SIGFPE: 0x00007f9d091fdcd0 in libjvm.so+16108752, mask=11100100010111111101111111111110, flags=SA_RESTART|SA_SIGINFO
   SIGPIPE: 0x00007f9d090a0140 in libjvm.so+14676288, mask=11100100010111111101111111111110, flags=SA_RESTART|SA_SIGINFO
   SIGXFSZ: 0x00007f9d090a0140 in libjvm.so+14676288, mask=11100100010111111101111111111110, flags=SA_RESTART|SA_SIGINFO
    SIGILL: 0x00007f9d091fdcd0 in libjvm.so+16108752, mask=11100100010111111101111111111110, flags=SA_RESTART|SA_SIGINFO
   SIGUSR2: 0x00007f9d0909f7d0 in libjvm.so+14673872, mask=00000000000000000000000000000000, flags=SA_RESTART|SA_SIGINFO
    SIGHUP: 0x00007f9d0909f710 in libjvm.so+14673680, mask=11100100010111111101111111111110, flags=SA_RESTART|SA_SIGINFO
    SIGINT: 0x00007f9d0909f710 in libjvm.so+14673680, mask=11100100010111111101111111111110, flags=SA_RESTART|SA_SIGINFO
   SIGTERM: 0x00007f9d0909f710 in libjvm.so+14673680, mask=11100100010111111101111111111110, flags=SA_RESTART|SA_SIGINFO
   SIGQUIT: 0x00007f9d0909f710 in libjvm.so+14673680, mask=11100100010111111101111111111110, flags=SA_RESTART|SA_SIGINFO
   SIGTRAP: 0x00007f9d091fdcd0 in libjvm.so+16108752, mask=11100100010111111101111111111110, flags=SA_RESTART|SA_SIGINFO


---------------  S Y S T E M  ---------------

OS:
DISTRIB_ID=LinuxMint
DISTRIB_RELEASE=20.2
DISTRIB_CODENAME=uma
DISTRIB_DESCRIPTION="Linux Mint 20.2 Uma"
uname: Linux 5.4.0-90-generic #101-Ubuntu SMP Fri Oct 15 20:00:55 UTC 2021 x86_64
OS uptime: 0 days 0:17 hours
libc: glibc 2.31 NPTL 2.31 
rlimit (soft/hard): STACK 8192k/infinity , CORE 0k/infinity , NPROC 63498/63498 , NOFILE 1048576/1048576 , AS infinity/infinity , CPU infinity/infinity , DATA infinity/infinity , FSIZE infinity/infinity , MEMLOCK 65536k/65536k
load average: 0.00 0.14 0.25

/proc/meminfo:
MemTotal:       16349608 kB
MemFree:        12365692 kB
MemAvailable:   13859252 kB
Buffers:          153348 kB
Cached:          1757528 kB
SwapCached:            0 kB
Active:          2634152 kB
Inactive:         956100 kB
Active(anon):    1808928 kB
Inactive(anon):    76204 kB
Active(file):     825224 kB
Inactive(file):   879896 kB
Unevictable:      120300 kB
Mlocked:              48 kB
SwapTotal:       2097148 kB
SwapFree:        2097148 kB
Dirty:                44 kB
Writeback:             0 kB
AnonPages:       1799708 kB
Mapped:           537528 kB
Shmem:            205760 kB
KReclaimable:      91160 kB
Slab:             188376 kB
SReclaimable:      91160 kB
SUnreclaim:        97216 kB
KernelStack:       11712 kB
PageTables:        24656 kB
NFS_Unstable:          0 kB
Bounce:                0 kB
WritebackTmp:          0 kB
CommitLimit:    10271952 kB
Committed_AS:    6854424 kB
VmallocTotal:   34359738367 kB
VmallocUsed:       27168 kB
VmallocChunk:          0 kB
Percpu:             2688 kB
HardwareCorrupted:     0 kB
AnonHugePages:         0 kB
ShmemHugePages:        0 kB
ShmemPmdMapped:        0 kB
FileHugePages:         0 kB
FilePmdMapped:         0 kB
CmaTotal:              0 kB
CmaFree:               0 kB
HugePages_Total:       0
HugePages_Free:        0
HugePages_Rsvd:        0
HugePages_Surp:        0
Hugepagesize:       2048 kB
Hugetlb:               0 kB
DirectMap4k:      185540 kB
DirectMap2M:    16543744 kB

/sys/kernel/mm/transparent_hugepage/enabled: always [madvise] never
/sys/kernel/mm/transparent_hugepage/defrag (defrag/compaction efforts parameter): always defer defer+madvise [madvise] never

Process Memory:
Virtual Size: 4829140K (peak: 4836076K)
Resident Set Size: 337632K (peak: 357252K) (anon: 303288K, file: 34344K, shmem: 0K)
Swapped out: 0K
C-Heap outstanding allocations: 24332K

/proc/sys/kernel/threads-max (system-wide limit on the number of threads): 126997
/proc/sys/vm/max_map_count (maximum number of memory map areas a process may have): 65530
/proc/sys/kernel/pid_max (system-wide limit on number of process identifiers): 4194304

container (cgroup) information:
container_type: cgroupv1
cpu_cpuset_cpus: 0-3
cpu_memory_nodes: 0
active_processor_count: 4
cpu_quota: no quota
cpu_period: 100000
cpu_shares: no shares
memory_limit_in_bytes: unlimited
memory_and_swap_limit_in_bytes: not supported
memory_soft_limit_in_bytes: unlimited
memory_usage_in_bytes: 2116063232
memory_max_usage_in_bytes: 2265116672

Steal ticks since vm start: 0
Steal ticks percentage since vm start:  0.000

CPU: total 4 (initial active 4) (2 cores per cpu, 2 threads per core) family 6 model 42 stepping 7 microcode 0x2f, cx8, cmov, fxsr, ht, mmx, sse, sse2, sse3, ssse3, sse4.1, sse4.2, popcnt, tsc, tscinvbit, avx, aes, clmul, vzeroupper, clflush
CPU Model and flags from /proc/cpuinfo:
model name	: Intel(R) Core(TM) i7-2620M CPU @ 2.70GHz
flags		: fpu vme de pse tsc msr pae mce cx8 apic sep mtrr pge mca cmov pat pse36 clflush dts acpi mmx fxsr sse sse2 ht tm pbe syscall nx rdtscp lm constant_tsc arch_perfmon pebs bts rep_good nopl xtopology nonstop_tsc cpuid aperfmperf pni pclmulqdq dtes64 monitor ds_cpl vmx smx est tm2 ssse3 cx16 xtpr pdcm pcid sse4_1 sse4_2 x2apic popcnt tsc_deadline_timer aes xsave avx lahf_lm epb pti ssbd ibrs ibpb stibp tpr_shadow vnmi flexpriority ept vpid xsaveopt dtherm ida arat pln pts md_clear flush_l1d

Online cpus: 0-3
Offline cpus: 
BIOS frequency limitation: <Not Available>
Frequency switch latency (ns): 0
Available cpu frequencies: <Not Available>
Current governor: powersave
Core performance/turbo boost: <Not Available>

Memory: 4k page, physical 16349608k(12365692k free), swap 2097148k(2097148k free)
Page Sizes: 4k

vm_info: OpenJDK 64-Bit Server VM (17+35-Ubuntu-120.04) for linux-amd64 JRE (17+35-Ubuntu-120.04), built on Sep 15 2021 10:18:39 by "unknown" with gcc 9.3.0

END.
