#
# A fatal error has been detected by the Java Runtime Environment:
#
#  SIGSEGV (0xb) at pc=0x00007f6543299401, pid=3593, tid=3621
#
# JRE version: OpenJDK Runtime Environment (17.0+35) (build 17+35-Ubuntu-120.04)
# Java VM: OpenJDK 64-Bit Server VM (17+35-Ubuntu-120.04, mixed mode, sharing, tiered, compressed oops, compressed class ptrs, g1 gc, linux-amd64)
# Problematic frame:
# C  0x00007f6543299401
#
# Core dump will be written. Default location: Core dumps may be processed with "/lib/systemd/systemd-coredump %P %u %g %s %t 9223372036854775808 %h" (or dumping to /home/dawids/Projects/CS4013-Project/core.3593)
#
# If you would like to submit a bug report, please visit:
#   Unknown
#

---------------  S U M M A R Y ------------

Command Line: -Xmx64m -Xms64m -Dorg.gradle.appname=gradlew org.gradle.wrapper.GradleWrapperMain run

Host: Intel(R) Core(TM) i7-2620M CPU @ 2.70GHz, 
[error occurred during error reporting (printing summary machine and OS info), id 0xb, SIGSEGV (0xb) at pc=0x00007f6543299401]

Time: Fri Nov 26 16:16:53 2021 GMT
[error occurred during error reporting (printing date and time), id 0xb, SIGSEGV (0xb) at pc=0x00007f6513450150]


---------------  T H R E A D  ---------------

Current thread (0x00007f65540aeaf0):  WatcherThread [stack: 0x00007f652d7f9000,0x00007f652d8f9000] [id=3621]

Stack: [0x00007f652d7f9000,0x00007f652d8f9000],  sp=0x00007f652d8f7d50,  free space=1019k
Native frames: (J=compiled Java code, j=interpreted, Vv=VM code, C=native code)
C  0x00007f6543299401
V  [libjvm.so+0xe17622]
V  [libjvm.so+0xe9d214]
V  [libjvm.so+0xbfd071]
V  [libjvm.so+0xedd522]
V  [libjvm.so+0xc2ef49]


siginfo: si_signo: 11 (SIGSEGV), si_code: 2 (SEGV_ACCERR), si_addr: 0x00007f6543299401

Register to memory mapping:

RAX=0x00007f655aa92cf8: <offset 0x000000000127bcf8> in /usr/lib/jvm/java-17-openjdk-amd64/lib/server/libjvm.so at 0x00007f6559817000
RBX=0x00007f655adfe088 points into unknown readable memory: 0x000000ad05c7a9d1 | d1 a9 c7 05 ad 00 00 00
RCX=0x0000000000000002 is an unknown value
RDX=0x0000000000000001 is an unknown value
RSP=0x00007f652d8f7d50 points into unknown readable memory: 0x00007f655a440ab9 | b9 0a 44 5a 65 7f 00 00
RBP=0x00007f652d8f7d70 points into unknown readable memory: 0x00007f652d8f7d90 | 90 7d 8f 2d 65 7f 00 00
RSI=0x0000000000000032 is an unknown value
RDI=0x00007f65540ae900 points into unknown readable memory: 0x00007f655aa92cf8 | f8 2c a9 5a 65 7f 00 00
R8 =0x00007f65540ae900 points into unknown readable memory: 0x00007f655aa92cf8 | f8 2c a9 5a 65 7f 00 00
R9 =0x00007f652d8f7d88 points into unknown readable memory: 0x0000000000000032 | 32 00 00 00 00 00 00 00
R10=0x0 is NULL
R11=0x0000000000000286 is an unknown value
R12=0x00007f65540ae9f0 points into unknown readable memory: 0x00007f65540aea10 | 10 ea 0a 54 65 7f 00 00
R13=0x00007f655aba3480: <offset 0x000000000138c480> in /usr/lib/jvm/java-17-openjdk-amd64/lib/server/libjvm.so at 0x00007f6559817000
R14=0x0000000000000001 is an unknown value
R15=0x0000000000000002 is an unknown value


Registers:
RAX=0x00007f655aa92cf8, RBX=0x00007f655adfe088, RCX=0x0000000000000002, RDX=0x0000000000000001
RSP=0x00007f652d8f7d50, RBP=0x00007f652d8f7d70, RSI=0x0000000000000032, RDI=0x00007f65540ae900
R8 =0x00007f65540ae900, R9 =0x00007f652d8f7d88, R10=0x0000000000000000, R11=0x0000000000000286
R12=0x00007f65540ae9f0, R13=0x00007f655aba3480, R14=0x0000000000000001, R15=0x0000000000000002
RIP=0x00007f6543299401, EFLAGS=0x0000000000010206, CSGSFS=0x002b000000000033, ERR=0x0000000000000014
  TRAPNO=0x000000000000000e

Top of Stack: (sp=0x00007f652d8f7d50)
0x00007f652d8f7d50:   00007f655a440ab9 00007f655a484432
0x00007f652d8f7d60:   00007f652d8f7d90 0000000000000001
0x00007f652d8f7d70:   00007f652d8f7d90 00007f655a62e622
0x00007f652d8f7d80:   0000000000000032 0000000000000032 

Instructions: (pc=0x00007f6543299401)
0x00007f6543299301:   ?? ?? ?? ?? ?? ?? ?? ?? ?? ?? ?? ?? ?? ?? ?? ??
0x00007f6543299311:   ?? ?? ?? ?? ?? ?? ?? ?? ?? ?? ?? ?? ?? ?? ?? ??
0x00007f6543299321:   ?? ?? ?? ?? ?? ?? ?? ?? ?? ?? ?? ?? ?? ?? ?? ??
0x00007f6543299331:   ?? ?? ?? ?? ?? ?? ?? ?? ?? ?? ?? ?? ?? ?? ?? ??
0x00007f6543299341:   ?? ?? ?? ?? ?? ?? ?? ?? ?? ?? ?? ?? ?? ?? ?? ??
0x00007f6543299351:   ?? ?? ?? ?? ?? ?? ?? ?? ?? ?? ?? ?? ?? ?? ?? ??
0x00007f6543299361:   ?? ?? ?? ?? ?? ?? ?? ?? ?? ?? ?? ?? ?? ?? ?? ??
0x00007f6543299371:   ?? ?? ?? ?? ?? ?? ?? ?? ?? ?? ?? ?? ?? ?? ?? ??
0x00007f6543299381:   ?? ?? ?? ?? ?? ?? ?? ?? ?? ?? ?? ?? ?? ?? ?? ??
0x00007f6543299391:   ?? ?? ?? ?? ?? ?? ?? ?? ?? ?? ?? ?? ?? ?? ?? ??
0x00007f65432993a1:   ?? ?? ?? ?? ?? ?? ?? ?? ?? ?? ?? ?? ?? ?? ?? ??
0x00007f65432993b1:   ?? ?? ?? ?? ?? ?? ?? ?? ?? ?? ?? ?? ?? ?? ?? ??
0x00007f65432993c1:   ?? ?? ?? ?? ?? ?? ?? ?? ?? ?? ?? ?? ?? ?? ?? ??
0x00007f65432993d1:   ?? ?? ?? ?? ?? ?? ?? ?? ?? ?? ?? ?? ?? ?? ?? ??
0x00007f65432993e1:   ?? ?? ?? ?? ?? ?? ?? ?? ?? ?? ?? ?? ?? ?? ?? ??
0x00007f65432993f1:   ?? ?? ?? ?? ?? ?? ?? ?? ?? ?? ?? ?? ?? ?? ?? ??
0x00007f6543299401:   ?? ?? ?? ?? ?? ?? ?? ?? ?? ?? ?? ?? ?? ?? ?? ??
0x00007f6543299411:   ?? ?? ?? ?? ?? ?? ?? ?? ?? ?? ?? ?? ?? ?? ?? ??
0x00007f6543299421:   ?? ?? ?? ?? ?? ?? ?? ?? ?? ?? ?? ?? ?? ?? ?? ??
0x00007f6543299431:   ?? ?? ?? ?? ?? ?? ?? ?? ?? ?? ?? ?? ?? ?? ?? ??
0x00007f6543299441:   ?? ?? ?? ?? ?? ?? ?? ?? ?? ?? ?? ?? ?? ?? ?? ??
0x00007f6543299451:   ?? ?? ?? ?? ?? ?? ?? ?? ?? ?? ?? ?? ?? ?? ?? ??
0x00007f6543299461:   ?? ?? ?? ?? ?? ?? ?? ?? ?? ?? ?? ?? ?? ?? ?? ??
0x00007f6543299471:   ?? ?? ?? ?? ?? ?? ?? ?? ?? ?? ?? ?? ?? ?? ?? ??
0x00007f6543299481:   ?? ?? ?? ?? ?? ?? ?? ?? ?? ?? ?? ?? ?? ?? ?? ??
0x00007f6543299491:   ?? ?? ?? ?? ?? ?? ?? ?? ?? ?? ?? ?? ?? ?? ?? ??
0x00007f65432994a1:   ?? ?? ?? ?? ?? ?? ?? ?? ?? ?? ?? ?? ?? ?? ?? ??
0x00007f65432994b1:   ?? ?? ?? ?? ?? ?? ?? ?? ?? ?? ?? ?? ?? ?? ?? ??
0x00007f65432994c1:   ?? ?? ?? ?? ?? ?? ?? ?? ?? ?? ?? ?? ?? ?? ?? ??
0x00007f65432994d1:   ?? ?? ?? ?? ?? ?? ?? ?? ?? ?? ?? ?? ?? ?? ?? ??
0x00007f65432994e1:   ?? ?? ?? ?? ?? ?? ?? ?? ?? ?? ?? ?? ?? ?? ?? ??
0x00007f65432994f1:   ?? ?? ?? ?? ?? ?? ?? ?? ?? ?? ?? ?? ?? ?? ?? ?? 


Stack slot to memory mapping:
stack at sp + 0 slots: 0x00007f655a440ab9: <offset 0x0000000000c29ab9> in /usr/lib/jvm/java-17-openjdk-amd64/lib/server/libjvm.so at 0x00007f6559817000
stack at sp + 1 slots: 0x00007f655a484432: <offset 0x0000000000c6d432> in /usr/lib/jvm/java-17-openjdk-amd64/lib/server/libjvm.so at 0x00007f6559817000
stack at sp + 2 slots: 0x00007f652d8f7d90 points into unknown readable memory: 0x00007f652d8f7de0 | e0 7d 8f 2d 65 7f 00 00
stack at sp + 3 slots: 0x0000000000000001 is an unknown value
stack at sp + 4 slots: 0x00007f652d8f7d90 points into unknown readable memory: 0x00007f652d8f7de0 | e0 7d 8f 2d 65 7f 00 00
stack at sp + 5 slots: 0x00007f655a62e622: <offset 0x0000000000e17622> in /usr/lib/jvm/java-17-openjdk-amd64/lib/server/libjvm.so at 0x00007f6559817000
stack at sp + 6 slots: 0x0000000000000032 is an unknown value
stack at sp + 7 slots: 0x0000000000000032 is an unknown value


---------------  P R O C E S S  ---------------

Threads class SMR info:
_java_thread_list=0x00007f64f420d5c0, length=14, elements={
0x00007f65540125a0, 0x00007f6554098ab0, 0x00007f6554099e90, 0x00007f655409f370,
0x00007f65540a0720, 0x00007f65540a1b30, 0x00007f65540a34e0, 0x00007f65540a4a10,
0x00007f65540a5e80, 0x00007f65540ad1b0, 0x00007f65540b0b00, 0x00007f6554726150,
0x00007f6554813db0, 0x00007f6554819740
}

Java Threads: ( => current thread )
  0x00007f65540125a0 JavaThread "main" [_thread_in_native, id=3605, stack(0x00007f65593ca000,0x00007f65594cb000)]
  0x00007f6554098ab0 JavaThread "Reference Handler" daemon [_thread_blocked, id=3612, stack(0x00007f653c6ff000,0x00007f653c800000)]
  0x00007f6554099e90 JavaThread "Finalizer" daemon [_thread_blocked, id=3613, stack(0x00007f653c5fe000,0x00007f653c6ff000)]
  0x00007f655409f370 JavaThread "Signal Dispatcher" daemon [_thread_blocked, id=3614, stack(0x00007f652deff000,0x00007f652e000000)]
  0x00007f65540a0720 JavaThread "Service Thread" daemon [_thread_blocked, id=3615, stack(0x00007f652ddfe000,0x00007f652deff000)]
  0x00007f65540a1b30 JavaThread "Monitor Deflation Thread" daemon [_thread_blocked, id=3616, stack(0x00007f652dcfd000,0x00007f652ddfe000)]
  0x00007f65540a34e0 JavaThread "C2 CompilerThread0" daemon [_thread_blocked, id=3617, stack(0x00007f652dbfc000,0x00007f652dcfd000)]
  0x00007f65540a4a10 JavaThread "C1 CompilerThread0" daemon [_thread_blocked, id=3618, stack(0x00007f652dafb000,0x00007f652dbfc000)]
  0x00007f65540a5e80 JavaThread "Sweeper thread" daemon [_thread_blocked, id=3619, stack(0x00007f652d9fa000,0x00007f652dafb000)]
  0x00007f65540ad1b0 JavaThread "Notification Thread" daemon [_thread_blocked, id=3620, stack(0x00007f652d8f9000,0x00007f652d9fa000)]
  0x00007f65540b0b00 JavaThread "Common-Cleaner" daemon [_thread_blocked, id=3622, stack(0x00007f652d6f6000,0x00007f652d7f7000)]
  0x00007f6554726150 JavaThread "pool-1-thread-1" [_thread_blocked, id=3625, stack(0x00007f652cde3000,0x00007f652cee4000)]
  0x00007f6554813db0 JavaThread "DisconnectableInputStream source reader" daemon [_thread_in_native, id=3633, stack(0x00007f652cce2000,0x00007f652cde3000)]
  0x00007f6554819740 JavaThread "Forward input" [_thread_blocked, id=3634, stack(0x00007f652cbe1000,0x00007f652cce2000)]

Other Threads:
  0x00007f6554094b90 VMThread "VM Thread" [stack: 0x00007f653d066000,0x00007f653d166000] [id=3611]
=>0x00007f65540aeaf0 WatcherThread [stack: 0x00007f652d7f9000,0x00007f652d8f9000] [id=3621]
  0x00007f6554032970 GCTaskThread "GC Thread#0" [stack: 0x00007f6558a33000,0x00007f6558b33000] [id=3606]
  0x00007f6524004d30 GCTaskThread "GC Thread#1" [stack: 0x00007f652d4f5000,0x00007f652d5f5000] [id=3624]
  0x00007f65240069d0 GCTaskThread "GC Thread#2" [stack: 0x00007f652cae1000,0x00007f652cbe1000] [id=3636]
  0x00007f6524007340 GCTaskThread "GC Thread#3" [stack: 0x00007f652c9df000,0x00007f652cadf000] [id=3637]
  0x00007f6554034340 ConcurrentGCThread "G1 Main Marker" [stack: 0x00007f6558931000,0x00007f6558a31000] [id=3607]
  0x00007f65540352a0 ConcurrentGCThread "G1 Conc#0" [stack: 0x00007f655882f000,0x00007f655892f000] [id=3608]
  0x00007f6554071c10 ConcurrentGCThread "G1 Refine#0" [stack: 0x00007f6558329000,0x00007f6558429000] [id=3609]
  0x00007f6554072b00 ConcurrentGCThread "G1 Service" [stack: 0x00007f6558227000,0x00007f6558327000] [id=3610]

Threads with active compile tasks:

VM state: not at safepoint (normal execution)

VM Mutex/Monitor currently owned by a thread:  ([mutex/lock_event])
[0x00007f6554010510] PeriodicTask_lock - owner thread: 0x00007f65540aeaf0

Heap address: 0x00000000fc000000, size: 64 MB, Compressed Oops mode: 32-bit

CDS archive(s) mapped at: [0x0000000800000000-0x0000000800bdb000-0x0000000800bdb000), size 12431360, SharedBaseAddress: 0x0000000800000000, ArchiveRelocationMode: 0.
Compressed class space mapped at: 0x0000000800c00000-0x0000000840c00000, reserved size: 1073741824
Narrow klass base: 0x0000000800000000, Narrow klass shift: 0, Narrow klass range: 0x100000000

GC Precious Log:
 CPUs: 4 total, 4 available
 Memory: 15966M
 Large Page Support: Disabled
 NUMA Support: Disabled
 Compressed Oops: Enabled (32-bit)
 Heap Region Size: 1M
 Heap Min Capacity: 64M
 Heap Initial Capacity: 64M
 Heap Max Capacity: 64M
 Pre-touch: Disabled
 Parallel Workers: 4
 Concurrent Workers: 1
 Concurrent Refinement Workers: 4
 Periodic GC: Disabled

Heap:
 garbage-first heap   total 65536K, used 20550K [0x00000000fc000000, 0x0000000100000000)
  region size 1024K, 14 young (14336K), 3 survivors (3072K)
 Metaspace       used 8226K, committed 8448K, reserved 1056768K
  class space    used 1105K, committed 1216K, reserved 1048576K

Heap Regions: E=young(eden), S=young(survivor), O=old, HS=humongous(starts), HC=humongous(continues), CS=collection set, F=free, OA=open archive, CA=closed archive, TAMS=top-at-mark-start (previous, next)
|   0|0x00000000fc000000, 0x00000000fc100000, 0x00000000fc100000|100%|HS|  |TAMS 0x00000000fc000000, 0x00000000fc000000| Complete 
|   1|0x00000000fc100000, 0x00000000fc200000, 0x00000000fc200000|100%|HC|  |TAMS 0x00000000fc100000, 0x00000000fc100000| Complete 
|   2|0x00000000fc200000, 0x00000000fc300000, 0x00000000fc300000|100%|HC|  |TAMS 0x00000000fc200000, 0x00000000fc200000| Complete 
|   3|0x00000000fc300000, 0x00000000fc400000, 0x00000000fc400000|100%| O|  |TAMS 0x00000000fc300000, 0x00000000fc300000| Untracked 
|   4|0x00000000fc400000, 0x00000000fc500000, 0x00000000fc500000|100%| O|  |TAMS 0x00000000fc400000, 0x00000000fc400000| Untracked 
|   5|0x00000000fc500000, 0x00000000fc600000, 0x00000000fc600000|100%| O|  |TAMS 0x00000000fc500000, 0x00000000fc500000| Untracked 
|   6|0x00000000fc600000, 0x00000000fc619a00, 0x00000000fc700000| 10%| O|  |TAMS 0x00000000fc600000, 0x00000000fc600000| Untracked 
|   7|0x00000000fc700000, 0x00000000fc700000, 0x00000000fc800000|  0%| F|  |TAMS 0x00000000fc700000, 0x00000000fc700000| Untracked 
|   8|0x00000000fc800000, 0x00000000fc800000, 0x00000000fc900000|  0%| F|  |TAMS 0x00000000fc800000, 0x00000000fc800000| Untracked 
|   9|0x00000000fc900000, 0x00000000fc900000, 0x00000000fca00000|  0%| F|  |TAMS 0x00000000fc900000, 0x00000000fc900000| Untracked 
|  10|0x00000000fca00000, 0x00000000fca00000, 0x00000000fcb00000|  0%| F|  |TAMS 0x00000000fca00000, 0x00000000fca00000| Untracked 
|  11|0x00000000fcb00000, 0x00000000fcb00000, 0x00000000fcc00000|  0%| F|  |TAMS 0x00000000fcb00000, 0x00000000fcb00000| Untracked 
|  12|0x00000000fcc00000, 0x00000000fcc00000, 0x00000000fcd00000|  0%| F|  |TAMS 0x00000000fcc00000, 0x00000000fcc00000| Untracked 
|  13|0x00000000fcd00000, 0x00000000fcd00000, 0x00000000fce00000|  0%| F|  |TAMS 0x00000000fcd00000, 0x00000000fcd00000| Untracked 
|  14|0x00000000fce00000, 0x00000000fce00000, 0x00000000fcf00000|  0%| F|  |TAMS 0x00000000fce00000, 0x00000000fce00000| Untracked 
|  15|0x00000000fcf00000, 0x00000000fcf00000, 0x00000000fd000000|  0%| F|  |TAMS 0x00000000fcf00000, 0x00000000fcf00000| Untracked 
|  16|0x00000000fd000000, 0x00000000fd000000, 0x00000000fd100000|  0%| F|  |TAMS 0x00000000fd000000, 0x00000000fd000000| Untracked 
|  17|0x00000000fd100000, 0x00000000fd100000, 0x00000000fd200000|  0%| F|  |TAMS 0x00000000fd100000, 0x00000000fd100000| Untracked 
|  18|0x00000000fd200000, 0x00000000fd200000, 0x00000000fd300000|  0%| F|  |TAMS 0x00000000fd200000, 0x00000000fd200000| Untracked 
|  19|0x00000000fd300000, 0x00000000fd300000, 0x00000000fd400000|  0%| F|  |TAMS 0x00000000fd300000, 0x00000000fd300000| Untracked 
|  20|0x00000000fd400000, 0x00000000fd400000, 0x00000000fd500000|  0%| F|  |TAMS 0x00000000fd400000, 0x00000000fd400000| Untracked 
|  21|0x00000000fd500000, 0x00000000fd500000, 0x00000000fd600000|  0%| F|  |TAMS 0x00000000fd500000, 0x00000000fd500000| Untracked 
|  22|0x00000000fd600000, 0x00000000fd600000, 0x00000000fd700000|  0%| F|  |TAMS 0x00000000fd600000, 0x00000000fd600000| Untracked 
|  23|0x00000000fd700000, 0x00000000fd700000, 0x00000000fd800000|  0%| F|  |TAMS 0x00000000fd700000, 0x00000000fd700000| Untracked 
|  24|0x00000000fd800000, 0x00000000fd800000, 0x00000000fd900000|  0%| F|  |TAMS 0x00000000fd800000, 0x00000000fd800000| Untracked 
|  25|0x00000000fd900000, 0x00000000fd900000, 0x00000000fda00000|  0%| F|  |TAMS 0x00000000fd900000, 0x00000000fd900000| Untracked 
|  26|0x00000000fda00000, 0x00000000fda00000, 0x00000000fdb00000|  0%| F|  |TAMS 0x00000000fda00000, 0x00000000fda00000| Untracked 
|  27|0x00000000fdb00000, 0x00000000fdb00000, 0x00000000fdc00000|  0%| F|  |TAMS 0x00000000fdb00000, 0x00000000fdb00000| Untracked 
|  28|0x00000000fdc00000, 0x00000000fdc00000, 0x00000000fdd00000|  0%| F|  |TAMS 0x00000000fdc00000, 0x00000000fdc00000| Untracked 
|  29|0x00000000fdd00000, 0x00000000fdd00000, 0x00000000fde00000|  0%| F|  |TAMS 0x00000000fdd00000, 0x00000000fdd00000| Untracked 
|  30|0x00000000fde00000, 0x00000000fde00000, 0x00000000fdf00000|  0%| F|  |TAMS 0x00000000fde00000, 0x00000000fde00000| Untracked 
|  31|0x00000000fdf00000, 0x00000000fdf00000, 0x00000000fe000000|  0%| F|  |TAMS 0x00000000fdf00000, 0x00000000fdf00000| Untracked 
|  32|0x00000000fe000000, 0x00000000fe000000, 0x00000000fe100000|  0%| F|  |TAMS 0x00000000fe000000, 0x00000000fe000000| Untracked 
|  33|0x00000000fe100000, 0x00000000fe100000, 0x00000000fe200000|  0%| F|  |TAMS 0x00000000fe100000, 0x00000000fe100000| Untracked 
|  34|0x00000000fe200000, 0x00000000fe200000, 0x00000000fe300000|  0%| F|  |TAMS 0x00000000fe200000, 0x00000000fe200000| Untracked 
|  35|0x00000000fe300000, 0x00000000fe300000, 0x00000000fe400000|  0%| F|  |TAMS 0x00000000fe300000, 0x00000000fe300000| Untracked 
|  36|0x00000000fe400000, 0x00000000fe400000, 0x00000000fe500000|  0%| F|  |TAMS 0x00000000fe400000, 0x00000000fe400000| Untracked 
|  37|0x00000000fe500000, 0x00000000fe500000, 0x00000000fe600000|  0%| F|  |TAMS 0x00000000fe500000, 0x00000000fe500000| Untracked 
|  38|0x00000000fe600000, 0x00000000fe700000, 0x00000000fe700000|100%| S|CS|TAMS 0x00000000fe600000, 0x00000000fe600000| Complete 
|  39|0x00000000fe700000, 0x00000000fe800000, 0x00000000fe800000|100%| S|CS|TAMS 0x00000000fe700000, 0x00000000fe700000| Complete 
|  40|0x00000000fe800000, 0x00000000fe900000, 0x00000000fe900000|100%| S|CS|TAMS 0x00000000fe800000, 0x00000000fe800000| Complete 
|  41|0x00000000fe900000, 0x00000000fe900000, 0x00000000fea00000|  0%| F|  |TAMS 0x00000000fe900000, 0x00000000fe900000| Untracked 
|  42|0x00000000fea00000, 0x00000000fea00000, 0x00000000feb00000|  0%| F|  |TAMS 0x00000000fea00000, 0x00000000fea00000| Untracked 
|  43|0x00000000feb00000, 0x00000000feb00000, 0x00000000fec00000|  0%| F|  |TAMS 0x00000000feb00000, 0x00000000feb00000| Untracked 
|  44|0x00000000fec00000, 0x00000000fec00000, 0x00000000fed00000|  0%| F|  |TAMS 0x00000000fec00000, 0x00000000fec00000| Untracked 
|  45|0x00000000fed00000, 0x00000000fed00000, 0x00000000fee00000|  0%| F|  |TAMS 0x00000000fed00000, 0x00000000fed00000| Untracked 
|  46|0x00000000fee00000, 0x00000000fee00000, 0x00000000fef00000|  0%| F|  |TAMS 0x00000000fee00000, 0x00000000fee00000| Untracked 
|  47|0x00000000fef00000, 0x00000000fef00000, 0x00000000ff000000|  0%| F|  |TAMS 0x00000000fef00000, 0x00000000fef00000| Untracked 
|  48|0x00000000ff000000, 0x00000000ff000000, 0x00000000ff100000|  0%| F|  |TAMS 0x00000000ff000000, 0x00000000ff000000| Untracked 
|  49|0x00000000ff100000, 0x00000000ff100000, 0x00000000ff200000|  0%| F|  |TAMS 0x00000000ff100000, 0x00000000ff100000| Untracked 
|  50|0x00000000ff200000, 0x00000000ff200000, 0x00000000ff300000|  0%| F|  |TAMS 0x00000000ff200000, 0x00000000ff200000| Untracked 
|  51|0x00000000ff300000, 0x00000000ff3710d8, 0x00000000ff400000| 44%| E|  |TAMS 0x00000000ff300000, 0x00000000ff300000| Complete 
|  52|0x00000000ff400000, 0x00000000ff500000, 0x00000000ff500000|100%| E|CS|TAMS 0x00000000ff400000, 0x00000000ff400000| Complete 
|  53|0x00000000ff500000, 0x00000000ff600000, 0x00000000ff600000|100%| E|CS|TAMS 0x00000000ff500000, 0x00000000ff500000| Complete 
|  54|0x00000000ff600000, 0x00000000ff700000, 0x00000000ff700000|100%| E|CS|TAMS 0x00000000ff600000, 0x00000000ff600000| Complete 
|  55|0x00000000ff700000, 0x00000000ff800000, 0x00000000ff800000|100%| E|CS|TAMS 0x00000000ff700000, 0x00000000ff700000| Complete 
|  56|0x00000000ff800000, 0x00000000ff900000, 0x00000000ff900000|100%| E|CS|TAMS 0x00000000ff800000, 0x00000000ff800000| Complete 
|  57|0x00000000ff900000, 0x00000000ffa00000, 0x00000000ffa00000|100%| E|CS|TAMS 0x00000000ff900000, 0x00000000ff900000| Complete 
|  58|0x00000000ffa00000, 0x00000000ffb00000, 0x00000000ffb00000|100%| E|CS|TAMS 0x00000000ffa00000, 0x00000000ffa00000| Complete 
|  59|0x00000000ffb00000, 0x00000000ffc00000, 0x00000000ffc00000|100%| E|CS|TAMS 0x00000000ffb00000, 0x00000000ffb00000| Complete 
|  60|0x00000000ffc00000, 0x00000000ffd00000, 0x00000000ffd00000|100%| E|CS|TAMS 0x00000000ffc00000, 0x00000000ffc00000| Complete 
|  61|0x00000000ffd00000, 0x00000000ffe00000, 0x00000000ffe00000|100%| E|CS|TAMS 0x00000000ffd00000, 0x00000000ffd00000| Complete 
|  62|0x00000000ffe00000, 0x00000000ffe76000, 0x00000000fff00000| 46%|OA|  |TAMS 0x00000000ffe00000, 0x00000000ffe00000| Untracked 
|  63|0x00000000fff00000, 0x00000000fff82000, 0x0000000100000000| 50%|CA|  |TAMS 0x00000000fff00000, 0x00000000fff00000| Untracked 

Card table byte_map: [0x00007f6558d53000,0x00007f6558d73000] _byte_map_base: 0x00007f6558573000

Marking Bits (Prev, Next): (CMBitMap*) 0x00007f65540333f0, (CMBitMap*) 0x00007f6554033430
 Prev Bits: [0x00007f6558c33000, 0x00007f6558d33000)
 Next Bits: [0x00007f6558b33000, 0x00007f6558c33000)

Polling page: 0x00007f655ae03000

Metaspace:

Usage:
  Non-class:      6.95 MB used.
      Class:      1.08 MB used.
       Both:      8.03 MB used.

Virtual space:
  Non-class space:        8.00 MB reserved,       7.06 MB ( 88%) committed,  1 nodes.
      Class space:        1.00 GB reserved,       1.19 MB ( <1%) committed,  1 nodes.
             Both:        1.01 GB reserved,       8.25 MB ( <1%) committed. 

Chunk freelists:
   Non-Class:  336.00 KB
       Class:  2.86 MB
        Both:  3.19 MB

MaxMetaspaceSize: unlimited
CompressedClassSpaceSize: 1.00 GB
Initial GC threshold: 21.00 MB
Current GC threshold: 21.00 MB
CDS: on
MetaspaceReclaimPolicy: balanced
 - commit_granule_bytes: 65536.
 - commit_granule_words: 8192.
 - virtual_space_node_default_size: 1048576.
 - enlarge_chunks_in_place: 1.
 - new_chunks_are_fully_committed: 0.
 - uncommit_free_chunks: 1.
 - use_allocation_guard: 0.
 - handle_deallocations: 1.


Internal statistics:

num_allocs_failed_limit: 0.
num_arena_births: 68.
num_arena_deaths: 0.
num_vsnodes_births: 2.
num_vsnodes_deaths: 0.
num_space_committed: 132.
num_space_uncommitted: 0.
num_chunks_returned_to_freelist: 0.
num_chunks_taken_from_freelist: 278.
num_chunk_merges: 0.
num_chunk_splits: 193.
num_chunks_enlarged: 162.
num_purges: 0.
num_inconsistent_stats: 0.

CodeHeap 'non-profiled nmethods': size=120032Kb used=718Kb max_used=718Kb free=119313Kb
 bounds [0x00007f6544c2e000, 0x00007f6544e9e000, 0x00007f654c166000]
CodeHeap 'profiled nmethods': size=120028Kb used=2519Kb max_used=2519Kb free=117508Kb
 bounds [0x00007f653d6f7000, 0x00007f653d977000, 0x00007f6544c2e000]
CodeHeap 'non-nmethods': size=5700Kb used=1157Kb max_used=1198Kb free=4543Kb
 bounds [0x00007f653d166000, 0x00007f653d3d6000, 0x00007f653d6f7000]
 total_blobs=1880 nmethods=1431 adapters=363
 compilation: enabled
              stopped_count=0, restarted_count=0
 full_count=0

Compilation events (20 events):
Event: 640.970 Thread 0x00007f65540a34e0 1423       4       java.util.AbstractList::equals (117 bytes)
Event: 640.989 Thread 0x00007f65540a34e0 nmethod 1423 0x00007f6544cd9290 code [0x00007f6544cd94a0, 0x00007f6544cd9c58]
Event: 648.570 Thread 0x00007f65540a34e0 1424       4       org.gradle.internal.logging.console.WorkInProgressRenderer::renderNow (351 bytes)
Event: 648.641 Thread 0x00007f65540a34e0 nmethod 1424 0x00007f6544cda490 code [0x00007f6544cda740, 0x00007f6544cdbfd8]
Event: 653.270 Thread 0x00007f65540a34e0 1425       4       java.util.concurrent.ThreadPoolExecutor::ensurePrestart (41 bytes)
Event: 653.273 Thread 0x00007f65540a34e0 nmethod 1425 0x00007f6544cdd510 code [0x00007f6544cdd6a0, 0x00007f6544cdd778]
Event: 653.273 Thread 0x00007f65540a34e0 1426   !   4       java.util.concurrent.ThreadPoolExecutor::getTask (177 bytes)
Event: 653.281 Thread 0x00007f65540a34e0 nmethod 1426 0x00007f6544cdd890 code [0x00007f6544cdda40, 0x00007f6544cddc08]
Event: 653.370 Thread 0x00007f65540a34e0 1427       4       java.util.concurrent.ScheduledThreadPoolExecutor$ScheduledFutureTask::run (57 bytes)
Event: 653.390 Thread 0x00007f65540a34e0 nmethod 1427 0x00007f6544cdde90 code [0x00007f6544cde0c0, 0x00007f6544cdedc8]
Event: 653.390 Thread 0x00007f65540a34e0 1428   !   4       java.util.concurrent.FutureTask::runAndReset (125 bytes)
Event: 653.393 Thread 0x00007f65540a34e0 nmethod 1428 0x00007f6544cdf810 code [0x00007f6544cdf9c0, 0x00007f6544cdfce8]
Event: 653.393 Thread 0x00007f65540a34e0 1429       4       java.util.concurrent.ScheduledThreadPoolExecutor::reExecutePeriodic (49 bytes)
Event: 653.400 Thread 0x00007f65540a34e0 nmethod 1429 0x00007f6544cdff90 code [0x00007f6544ce0180, 0x00007f6544ce0a98]
Event: 661.371 Thread 0x00007f65540a34e0 1430       4       com.google.common.base.Predicates$InstanceOfPredicate::<init> (6 bytes)
Event: 661.375 Thread 0x00007f65540a34e0 nmethod 1430 0x00007f6544ce1190 code [0x00007f6544ce1320, 0x00007f6544ce1478]
Event: 661.375 Thread 0x00007f65540a34e0 1431       4       com.google.common.base.Predicates$InstanceOfPredicate::<init> (16 bytes)
Event: 661.378 Thread 0x00007f65540a34e0 nmethod 1431 0x00007f6544ce1510 code [0x00007f6544ce16a0, 0x00007f6544ce17f8]
Event: 678.470 Thread 0x00007f65540a34e0 1432       4       java.util.concurrent.ThreadPoolExecutor::runStateAtLeast (11 bytes)
Event: 678.471 Thread 0x00007f65540a34e0 nmethod 1432 0x00007f6544ce1890 code [0x00007f6544ce1a00, 0x00007f6544ce1a78]

GC Heap History (4 events):
Event: 0.331 GC heap before
{Heap before GC invocations=0 (full 0):
 garbage-first heap   total 65536K, used 17376K [0x00000000fc000000, 0x0000000100000000)
  region size 1024K, 13 young (13312K), 0 survivors (0K)
 Metaspace       used 2058K, committed 2240K, reserved 1056768K
  class space    used 205K, committed 256K, reserved 1048576K
}
Event: 0.334 GC heap after
{Heap after GC invocations=1 (full 0):
 garbage-first heap   total 65536K, used 4160K [0x00000000fc000000, 0x0000000100000000)
  region size 1024K, 2 young (2048K), 2 survivors (2048K)
 Metaspace       used 2058K, committed 2240K, reserved 1056768K
  class space    used 205K, committed 256K, reserved 1048576K
}
Event: 0.809 GC heap before
{Heap before GC invocations=1 (full 0):
 garbage-first heap   total 65536K, used 25664K [0x00000000fc000000, 0x0000000100000000)
  region size 1024K, 21 young (21504K), 2 survivors (2048K)
 Metaspace       used 7514K, committed 7680K, reserved 1056768K
  class space    used 1048K, committed 1152K, reserved 1048576K
}
Event: 0.817 GC heap after
{Heap after GC invocations=2 (full 0):
 garbage-first heap   total 65536K, used 10310K [0x00000000fc000000, 0x0000000100000000)
  region size 1024K, 3 young (3072K), 3 survivors (3072K)
 Metaspace       used 7514K, committed 7680K, reserved 1056768K
  class space    used 1048K, committed 1152K, reserved 1048576K
}

Deoptimization events (20 events):
Event: 0.664 Thread 0x00007f65540125a0 DEOPT PACKING pc=0x00007f6544c5d740 sp=0x00007f65594c7730
Event: 0.664 Thread 0x00007f65540125a0 DEOPT UNPACKING pc=0x00007f653d1b8099 sp=0x00007f65594c7718 mode 2
Event: 0.711 Thread 0x00007f65540125a0 Uncommon trap: trap_request=0xffffffc6 fr.pc=0x00007f6544c8308c relative=0x000000000000052c
Event: 0.711 Thread 0x00007f65540125a0 Uncommon trap: reason=bimorphic_or_optimized_type_check action=maybe_recompile pc=0x00007f6544c8308c method=java.util.concurrent.ConcurrentHashMap.get(Ljava/lang/Object;)Ljava/lang/Object; @ 149 c2
Event: 0.711 Thread 0x00007f65540125a0 DEOPT PACKING pc=0x00007f6544c8308c sp=0x00007f65594c5cf0
Event: 0.711 Thread 0x00007f65540125a0 DEOPT UNPACKING pc=0x00007f653d1b8099 sp=0x00007f65594c5c90 mode 2
Event: 0.711 Thread 0x00007f65540125a0 Uncommon trap: trap_request=0xffffffc6 fr.pc=0x00007f6544c8308c relative=0x000000000000052c
Event: 0.711 Thread 0x00007f65540125a0 Uncommon trap: reason=bimorphic_or_optimized_type_check action=maybe_recompile pc=0x00007f6544c8308c method=java.util.concurrent.ConcurrentHashMap.get(Ljava/lang/Object;)Ljava/lang/Object; @ 149 c2
Event: 0.711 Thread 0x00007f65540125a0 DEOPT PACKING pc=0x00007f6544c8308c sp=0x00007f65594c5cf0
Event: 0.711 Thread 0x00007f65540125a0 DEOPT UNPACKING pc=0x00007f653d1b8099 sp=0x00007f65594c5c90 mode 2
Event: 0.711 Thread 0x00007f65540125a0 Uncommon trap: trap_request=0xffffffc6 fr.pc=0x00007f6544c8308c relative=0x000000000000052c
Event: 0.711 Thread 0x00007f65540125a0 Uncommon trap: reason=bimorphic_or_optimized_type_check action=maybe_recompile pc=0x00007f6544c8308c method=java.util.concurrent.ConcurrentHashMap.get(Ljava/lang/Object;)Ljava/lang/Object; @ 149 c2
Event: 0.711 Thread 0x00007f65540125a0 DEOPT PACKING pc=0x00007f6544c8308c sp=0x00007f65594c5cf0
Event: 0.711 Thread 0x00007f65540125a0 DEOPT UNPACKING pc=0x00007f653d1b8099 sp=0x00007f65594c5c90 mode 2
Event: 0.711 Thread 0x00007f65540125a0 Uncommon trap: trap_request=0xffffffc6 fr.pc=0x00007f6544c8308c relative=0x000000000000052c
Event: 0.711 Thread 0x00007f65540125a0 Uncommon trap: reason=bimorphic_or_optimized_type_check action=maybe_recompile pc=0x00007f6544c8308c method=java.util.concurrent.ConcurrentHashMap.get(Ljava/lang/Object;)Ljava/lang/Object; @ 149 c2
Event: 0.711 Thread 0x00007f65540125a0 DEOPT PACKING pc=0x00007f6544c8308c sp=0x00007f65594c6120
Event: 0.711 Thread 0x00007f65540125a0 DEOPT UNPACKING pc=0x00007f653d1b8099 sp=0x00007f65594c60c0 mode 2
Event: 0.726 Thread 0x00007f65540125a0 DEOPT PACKING pc=0x00007f653d7b59a8 sp=0x00007f65594c5610
Event: 0.727 Thread 0x00007f65540125a0 DEOPT UNPACKING pc=0x00007f653d1b882f sp=0x00007f65594c4b48 mode 0

Classes unloaded (0 events):
No events

Classes redefined (0 events):
No events

Internal exceptions (16 events):
Event: 0.149 Thread 0x00007f65540125a0 Exception <a 'java/lang/NoSuchMethodError'{0x00000000ffbc45c8}: 'int java.lang.invoke.DirectMethodHandle$Holder.invokeStaticInit(java.lang.Object, java.lang.Object)'> (0x00000000ffbc45c8) 
thrown [src/hotspot/share/interpreter/linkResolver.cpp, line 765]
Event: 0.468 Thread 0x00007f65540125a0 Exception <a 'java/lang/NoSuchMethodError'{0x00000000ff8892d8}: 'void java.lang.invoke.DirectMethodHandle$Holder.invokeStatic(java.lang.Object, java.lang.Object)'> (0x00000000ff8892d8) 
thrown [src/hotspot/share/interpreter/linkResolver.cpp, line 765]
Event: 0.488 Thread 0x00007f65540125a0 Exception <a 'java/lang/NoClassDefFoundError'{0x00000000ff7188c0}: org/slf4j/impl/StaticMarkerBinder> (0x00000000ff7188c0) 
thrown [src/hotspot/share/classfile/systemDictionary.cpp, line 245]
Event: 0.504 Thread 0x00007f65540125a0 Exception <a 'java/lang/NoSuchMethodError'{0x00000000ff7b10c8}: 'java.lang.Object java.lang.invoke.DirectMethodHandle$Holder.invokeVirtual(java.lang.Object, java.lang.Object, java.lang.Object, java.lang.Object, java.lang.Object, java.lang.Object, java.lang.Object)'> (0x00000000ff7b10c8) 
thrown [src/hotspot/share/interpreter/linkResolver.cpp, line 765]
Event: 0.506 Thread 0x00007f65540125a0 Exception <a 'java/lang/NoSuchMethodError'{0x00000000ff7c1b38}: 'java.lang.Object java.lang.invoke.Invokers$Holder.invoker(java.lang.Object, java.lang.Object, java.lang.Object)'> (0x00000000ff7c1b38) 
thrown [src/hotspot/share/interpreter/linkResolver.cpp, line 765]
Event: 0.507 Thread 0x00007f65540125a0 Exception <a 'java/lang/NoSuchMethodError'{0x00000000ff7ca6c8}: 'java.lang.Object java.lang.invoke.DirectMethodHandle$Holder.invokeStatic(java.lang.Object, java.lang.Object, int)'> (0x00000000ff7ca6c8) 
thrown [src/hotspot/share/interpreter/linkResolver.cpp, line 765]
Event: 0.509 Thread 0x00007f65540125a0 Exception <a 'java/lang/NoSuchMethodError'{0x00000000ff7d6380}: 'void java.lang.invoke.DelegatingMethodHandle$Holder.delegate(java.lang.Object, java.lang.Object, int, java.lang.Object)'> (0x00000000ff7d6380) 
thrown [src/hotspot/share/interpreter/linkResolver.cpp, line 765]
Event: 0.509 Thread 0x00007f65540125a0 Exception <a 'java/lang/NoSuchMethodError'{0x00000000ff7da498}: 'int java.lang.invoke.DirectMethodHandle$Holder.invokeSpecial(java.lang.Object, java.lang.Object, java.lang.Object)'> (0x00000000ff7da498) 
thrown [src/hotspot/share/interpreter/linkResolver.cpp, line 765]
Event: 0.511 Thread 0x00007f65540125a0 Exception <a 'java/lang/NoSuchMethodError'{0x00000000ff7ed4c0}: 'java.lang.Object java.lang.invoke.Invokers$Holder.invokeExact_MT(java.lang.Object, java.lang.Object, java.lang.Object, java.lang.Object)'> (0x00000000ff7ed4c0) 
thrown [src/hotspot/share/interpreter/linkResolver.cpp, line 765]
Event: 0.534 Thread 0x00007f65540125a0 Exception <a 'java/lang/UnsatisfiedLinkError'{0x00000000ff69cfa0}> (0x00000000ff69cfa0) 
thrown [src/hotspot/share/prims/jvm.cpp, line 3380]
Event: 0.534 Thread 0x00007f65540125a0 Exception <a 'java/lang/UnsatisfiedLinkError'{0x00000000ff69cfa0}> (0x00000000ff69cfa0) 
thrown [src/hotspot/share/prims/jni.cpp, line 516]
Event: 0.621 Thread 0x00007f65540125a0 Exception <a 'java/lang/NoSuchMethodError'{0x00000000ff250ef0}: 'java.lang.Object java.lang.invoke.DirectMethodHandle$Holder.invokeInterface(java.lang.Object, java.lang.Object, java.lang.Object)'> (0x00000000ff250ef0) 
thrown [src/hotspot/share/interpreter/linkResolver.cpp, line 765]
Event: 0.635 Thread 0x00007f65540125a0 Implicit null exception at 0x00007f6544c6b98c to 0x00007f6544c6bda0
Event: 0.635 Thread 0x00007f65540125a0 Implicit null exception at 0x00007f6544c6738c to 0x00007f6544c6776c
Event: 0.655 Thread 0x00007f65540125a0 Exception <a 'java/lang/NoSuchMethodError'{0x00000000ff1f3b38}: 'java.lang.Object java.lang.invoke.DirectMethodHandle$Holder.invokeStaticInit(java.lang.Object)'> (0x00000000ff1f3b38) 
thrown [src/hotspot/share/interpreter/linkResolver.cpp, line 765]
Event: 0.762 Thread 0x00007f65540125a0 Exception <a 'java/lang/NoSuchMethodError'{0x00000000fea6dae8}: 'void java.lang.invoke.DirectMethodHandle$Holder.invokeStatic(java.lang.Object, java.lang.Object, java.lang.Object)'> (0x00000000fea6dae8) 
thrown [src/hotspot/share/interpreter/linkResolver.cpp, line 765]

VM Operations (20 events):
Event: 522.257 Executing VM operation: Cleanup
Event: 522.258 Executing VM operation: Cleanup done
Event: 533.259 Executing VM operation: Cleanup
Event: 533.259 Executing VM operation: Cleanup done
Event: 534.260 Executing VM operation: Cleanup
Event: 534.260 Executing VM operation: Cleanup done
Event: 536.260 Executing VM operation: Cleanup
Event: 536.260 Executing VM operation: Cleanup done
Event: 537.261 Executing VM operation: Cleanup
Event: 537.261 Executing VM operation: Cleanup done
Event: 547.263 Executing VM operation: Cleanup
Event: 547.263 Executing VM operation: Cleanup done
Event: 550.263 Executing VM operation: Cleanup
Event: 550.263 Executing VM operation: Cleanup done
Event: 551.263 Executing VM operation: Cleanup
Event: 551.264 Executing VM operation: Cleanup done
Event: 564.265 Executing VM operation: Cleanup
Event: 564.266 Executing VM operation: Cleanup done
Event: 662.279 Executing VM operation: Cleanup
Event: 662.279 Executing VM operation: Cleanup done

Events (20 events):
Event: 1.072 loading class org/gradle/internal/logging/console/DefaultTextArea$2
Event: 1.072 loading class org/gradle/internal/logging/console/DefaultTextArea$2 done
Event: 1.072 loading class org/gradle/internal/logging/console/DefaultTextArea$2$1
Event: 1.072 loading class org/gradle/internal/logging/console/DefaultTextArea$2$1 done
Event: 1.170 loading class org/fusesource/jansi/Ansi$Color
Event: 1.170 loading class org/fusesource/jansi/Ansi$Color done
Event: 1.171 loading class org/gradle/internal/logging/console/DefaultColorMap$ForegroundColor
Event: 1.171 loading class org/gradle/internal/logging/console/DefaultColorMap$ForegroundColor done
Event: 1.171 loading class org/gradle/internal/logging/console/DefaultColorMap$CompositeColor
Event: 1.171 loading class org/gradle/internal/logging/console/DefaultColorMap$CompositeColor done
Event: 1.171 loading class com/google/common/collect/Lists$ReverseList
Event: 1.171 loading class com/google/common/collect/Lists$ReverseList done
Event: 1.172 loading class com/google/common/collect/Lists$RandomAccessReverseList
Event: 1.172 loading class com/google/common/collect/Lists$RandomAccessReverseList done
Event: 1.172 loading class java/util/ArrayList$ListItr
Event: 1.172 loading class java/util/ArrayList$ListItr done
Event: 1.172 loading class com/google/common/collect/Lists$ReverseList$1
Event: 1.172 loading class com/google/common/collect/Lists$ReverseList$1 done
Event: 661.370 loading class com/google/common/base/Predicates$1
Event: 661.370 loading class com/google/common/base/Predicates$1 done


Dynamic libraries:
fc000000-ffe00000 rw-p 00000000 00:00 0 
ffe00000-ffe76000 rw-p 00c96000 08:05 10751024                           /usr/lib/jvm/java-17-openjdk-amd64/lib/server/classes.jsa
ffe76000-fff00000 rw-p 00000000 00:00 0 
fff00000-fff82000 rw-p 00c14000 08:05 10751024                           /usr/lib/jvm/java-17-openjdk-amd64/lib/server/classes.jsa
fff82000-100000000 rw-p 00000000 00:00 0 
800000000-80043f000 rw-p 00001000 08:05 10751024                         /usr/lib/jvm/java-17-openjdk-amd64/lib/server/classes.jsa
80043f000-800bdb000 r--p 00440000 08:05 10751024                         /usr/lib/jvm/java-17-openjdk-amd64/lib/server/classes.jsa
800bdb000-800c00000 ---p 00000000 00:00 0 
800c00000-800c40000 rw-p 00000000 00:00 0 
800c40000-800c80000 rw-p 00000000 00:00 0 
800c80000-800d00000 rw-p 00000000 00:00 0 
800d00000-800d30000 rw-p 00000000 00:00 0 
800d30000-840c00000 ---p 00000000 00:00 0 
55bef7581000-55bef7582000 r--p 00000000 08:05 10750599                   /usr/lib/jvm/java-17-openjdk-amd64/bin/java
55bef7582000-55bef7583000 r-xp 00001000 08:05 10750599                   /usr/lib/jvm/java-17-openjdk-amd64/bin/java
55bef7583000-55bef7584000 r--p 00002000 08:05 10750599                   /usr/lib/jvm/java-17-openjdk-amd64/bin/java
55bef7584000-55bef7585000 r--p 00002000 08:05 10750599                   /usr/lib/jvm/java-17-openjdk-amd64/bin/java
55bef7585000-55bef7586000 rw-p 00003000 08:05 10750599                   /usr/lib/jvm/java-17-openjdk-amd64/bin/java
55bef78d8000-55bef78f9000 rw-p 00000000 00:00 0                          [heap]
7f64d8000000-7f64d8021000 rw-p 00000000 00:00 0 
7f64d8021000-7f64dc000000 ---p 00000000 00:00 0 
7f64dc000000-7f64dc021000 rw-p 00000000 00:00 0 
7f64dc021000-7f64e0000000 ---p 00000000 00:00 0 
7f64e0000000-7f64e0021000 rw-p 00000000 00:00 0 
7f64e0021000-7f64e4000000 ---p 00000000 00:00 0 
7f64e4000000-7f64e4021000 rw-p 00000000 00:00 0 
7f64e4021000-7f64e8000000 ---p 00000000 00:00 0 
7f64e8000000-7f64e8021000 rw-p 00000000 00:00 0 
7f64e8021000-7f64ec000000 ---p 00000000 00:00 0 
7f64ec000000-7f64ec027000 rw-p 00000000 00:00 0 
7f64ec027000-7f64f0000000 ---p 00000000 00:00 0 
7f64f0000000-7f64f0021000 rw-p 00000000 00:00 0 
7f64f0021000-7f64f4000000 ---p 00000000 00:00 0 
7f64f4000000-7f64f42fe000 rw-p 00000000 00:00 0 
7f64f42fe000-7f64f8000000 ---p 00000000 00:00 0 
7f64f8000000-7f64f8021000 rw-p 00000000 00:00 0 
7f64f8021000-7f64fc000000 ---p 00000000 00:00 0 
7f64fc000000-7f64fc021000 rw-p 00000000 00:00 0 
7f64fc021000-7f6500000000 ---p 00000000 00:00 0 
7f6500000000-7f650033c000 rw-p 00000000 00:00 0 
7f650033c000-7f6504000000 ---p 00000000 00:00 0 
7f6504000000-7f6504021000 rw-p 00000000 00:00 0 
7f6504021000-7f6508000000 ---p 00000000 00:00 0 
7f6508000000-7f6508021000 rw-p 00000000 00:00 0 
7f6508021000-7f650c000000 ---p 00000000 00:00 0 
7f650c000000-7f650d6ec000 rw-p 00000000 00:00 0 
7f650d6ec000-7f6510000000 ---p 00000000 00:00 0 
7f6510000000-7f6510021000 rw-p 00000000 00:00 0 
7f6510021000-7f6514000000 ---p 00000000 00:00 0 
7f6514000000-7f6514021000 rw-p 00000000 00:00 0 
7f6514021000-7f6518000000 ---p 00000000 00:00 0 
7f6518000000-7f6518021000 rw-p 00000000 00:00 0 
7f6518021000-7f651c000000 ---p 00000000 00:00 0 
7f651c000000-7f651c021000 rw-p 00000000 00:00 0 
7f651c021000-7f6520000000 ---p 00000000 00:00 0 
7f6520000000-7f6520021000 rw-p 00000000 00:00 0 
7f6520021000-7f6524000000 ---p 00000000 00:00 0 
7f6524000000-7f6524021000 rw-p 00000000 00:00 0 
7f6524021000-7f6528000000 ---p 00000000 00:00 0 
7f6528000000-7f6528021000 rw-p 00000000 00:00 0 
7f6528021000-7f652c000000 ---p 00000000 00:00 0 
7f652c9dd000-7f652c9de000 ---p 00000000 00:00 0 
7f652c9de000-7f652cadf000 rw-p 00000000 00:00 0 
7f652cadf000-7f652cae0000 ---p 00000000 00:00 0 
7f652cae0000-7f652cbe1000 rw-p 00000000 00:00 0 
7f652cbe1000-7f652cbe5000 ---p 00000000 00:00 0 
7f652cbe5000-7f652cce2000 rw-p 00000000 00:00 0 
7f652cce2000-7f652cce6000 ---p 00000000 00:00 0 
7f652cce6000-7f652cde3000 rw-p 00000000 00:00 0 
7f652cde3000-7f652cde7000 ---p 00000000 00:00 0 
7f652cde7000-7f652cee4000 rw-p 00000000 00:00 0 
7f652cee4000-7f652cee7000 r-xp 00000000 08:05 789257                     /home/dawids/.gradle/native/jansi/1.18/linux64/libjansi.so
7f652cee7000-7f652d0e6000 ---p 00003000 08:05 789257                     /home/dawids/.gradle/native/jansi/1.18/linux64/libjansi.so
7f652d0e6000-7f652d0e7000 rw-p 00002000 08:05 789257                     /home/dawids/.gradle/native/jansi/1.18/linux64/libjansi.so
7f652d0e7000-7f652d0eb000 r-xp 00000000 08:05 789263                     /home/dawids/.gradle/native/e1d6ef7f7dcc3fd88c89a11ec53ec762bb8ba0a96d01ffa2cd45eb1d1d8dd5c5/linux-amd64-ncurses6/libnative-platform-curses.so
7f652d0eb000-7f652d2ea000 ---p 00004000 08:05 789263                     /home/dawids/.gradle/native/e1d6ef7f7dcc3fd88c89a11ec53ec762bb8ba0a96d01ffa2cd45eb1d1d8dd5c5/linux-amd64-ncurses6/libnative-platform-curses.so
7f652d2ea000-7f652d2eb000 r--p 00003000 08:05 789263                     /home/dawids/.gradle/native/e1d6ef7f7dcc3fd88c89a11ec53ec762bb8ba0a96d01ffa2cd45eb1d1d8dd5c5/linux-amd64-ncurses6/libnative-platform-curses.so
7f652d2eb000-7f652d2ec000 rw-p 00004000 08:05 789263                     /home/dawids/.gradle/native/e1d6ef7f7dcc3fd88c89a11ec53ec762bb8ba0a96d01ffa2cd45eb1d1d8dd5c5/linux-amd64-ncurses6/libnative-platform-curses.so
7f652d2ec000-7f652d2f1000 r-xp 00000000 08:05 789254                     /home/dawids/.gradle/native/e1d6ef7f7dcc3fd88c89a11ec53ec762bb8ba0a96d01ffa2cd45eb1d1d8dd5c5/linux-amd64/libnative-platform.so
7f652d2f1000-7f652d4f1000 ---p 00005000 08:05 789254                     /home/dawids/.gradle/native/e1d6ef7f7dcc3fd88c89a11ec53ec762bb8ba0a96d01ffa2cd45eb1d1d8dd5c5/linux-amd64/libnative-platform.so
7f652d4f1000-7f652d4f2000 r--p 00005000 08:05 789254                     /home/dawids/.gradle/native/e1d6ef7f7dcc3fd88c89a11ec53ec762bb8ba0a96d01ffa2cd45eb1d1d8dd5c5/linux-amd64/libnative-platform.so
7f652d4f2000-7f652d4f3000 rw-p 00006000 08:05 789254                     /home/dawids/.gradle/native/e1d6ef7f7dcc3fd88c89a11ec53ec762bb8ba0a96d01ffa2cd45eb1d1d8dd5c5/linux-amd64/libnative-platform.so
7f652d4f3000-7f652d4f4000 ---p 00000000 00:00 0 
7f652d4f4000-7f652d5f5000 rw-p 00000000 00:00 0 
7f652d5f5000-7f652d5f9000 ---p 00000000 00:00 0 
7f652d5f9000-7f652d6f6000 rw-p 00000000 00:00 0 
7f652d6f6000-7f652d6fa000 ---p 00000000 00:00 0 
7f652d6fa000-7f652d7f7000 rw-p 00000000 00:00 0 
7f652d7f7000-7f652d7f8000 ---p 00000000 00:00 0 
7f652d7f8000-7f652d8f9000 rw-p 00000000 00:00 0 
7f652d8f9000-7f652d8fd000 ---p 00000000 00:00 0 
7f652d8fd000-7f652d9fa000 rw-p 00000000 00:00 0 
7f652d9fa000-7f652d9fe000 ---p 00000000 00:00 0 
7f652d9fe000-7f652dafb000 rw-p 00000000 00:00 0 
7f652dafb000-7f652daff000 ---p 00000000 00:00 0 
7f652daff000-7f652dbfc000 rw-p 00000000 00:00 0 
7f652dbfc000-7f652dc00000 ---p 00000000 00:00 0 
7f652dc00000-7f652dcfd000 rw-p 00000000 00:00 0 
7f652dcfd000-7f652dd01000 ---p 00000000 00:00 0 
7f652dd01000-7f652ddfe000 rw-p 00000000 00:00 0 
7f652ddfe000-7f652de02000 ---p 00000000 00:00 0 
7f652de02000-7f652deff000 rw-p 00000000 00:00 0 
7f652deff000-7f652df03000 ---p 00000000 00:00 0 
7f652df03000-7f6530000000 rw-p 00000000 00:00 0 
7f6530000000-7f6530021000 rw-p 00000000 00:00 0 
7f6530021000-7f6534000000 ---p 00000000 00:00 0 
7f6534000000-7f6534021000 rw-p 00000000 00:00 0 
7f6534021000-7f6538000000 ---p 00000000 00:00 0 
7f6538000000-7f6538021000 rw-p 00000000 00:00 0 
7f6538021000-7f653c000000 ---p 00000000 00:00 0 
7f653c024000-7f653c032000 r--p 00000000 08:05 10756779                   /usr/lib/x86_64-linux-gnu/libtinfo.so.6.2
7f653c032000-7f653c041000 r-xp 0000e000 08:05 10756779                   /usr/lib/x86_64-linux-gnu/libtinfo.so.6.2
7f653c041000-7f653c04f000 r--p 0001d000 08:05 10756779                   /usr/lib/x86_64-linux-gnu/libtinfo.so.6.2
7f653c04f000-7f653c053000 r--p 0002a000 08:05 10756779                   /usr/lib/x86_64-linux-gnu/libtinfo.so.6.2
7f653c053000-7f653c054000 rw-p 0002e000 08:05 10756779                   /usr/lib/x86_64-linux-gnu/libtinfo.so.6.2
7f653c054000-7f653c05c000 r--p 00000000 08:05 10756356                   /usr/lib/x86_64-linux-gnu/libncursesw.so.6.2
7f653c05c000-7f653c083000 r-xp 00008000 08:05 10756356                   /usr/lib/x86_64-linux-gnu/libncursesw.so.6.2
7f653c083000-7f653c08c000 r--p 0002f000 08:05 10756356                   /usr/lib/x86_64-linux-gnu/libncursesw.so.6.2
7f653c08c000-7f653c08d000 r--p 00037000 08:05 10756356                   /usr/lib/x86_64-linux-gnu/libncursesw.so.6.2
7f653c08d000-7f653c08e000 rw-p 00038000 08:05 10756356                   /usr/lib/x86_64-linux-gnu/libncursesw.so.6.2
7f653c08e000-7f653c5fe000 r--p 00000000 08:05 10754618                   /usr/lib/locale/locale-archive
7f653c5fe000-7f653c602000 ---p 00000000 00:00 0 
7f653c602000-7f653c6ff000 rw-p 00000000 00:00 0 
7f653c6ff000-7f653c703000 ---p 00000000 00:00 0 
7f653c703000-7f653cb60000 rw-p 00000000 00:00 0 
7f653cb60000-7f653cc00000 ---p 00000000 00:00 0 
7f653cc00000-7f653cfb0000 rw-p 00000000 00:00 0 
7f653cfb0000-7f653d000000 ---p 00000000 00:00 0 
7f653d009000-7f653d00a000 r--p 00000000 08:05 10756842                   /usr/lib/x86_64-linux-gnu/libutil-2.31.so
7f653d00a000-7f653d00b000 r-xp 00001000 08:05 10756842                   /usr/lib/x86_64-linux-gnu/libutil-2.31.so
7f653d00b000-7f653d00c000 r--p 00002000 08:05 10756842                   /usr/lib/x86_64-linux-gnu/libutil-2.31.so
7f653d00c000-7f653d00d000 r--p 00002000 08:05 10756842                   /usr/lib/x86_64-linux-gnu/libutil-2.31.so
7f653d00d000-7f653d00e000 rw-p 00003000 08:05 10756842                   /usr/lib/x86_64-linux-gnu/libutil-2.31.so
7f653d00e000-7f653d00f000 r--p 00000000 08:05 10750991                   /usr/lib/jvm/java-17-openjdk-amd64/lib/libextnet.so
7f653d00f000-7f653d010000 r-xp 00001000 08:05 10750991                   /usr/lib/jvm/java-17-openjdk-amd64/lib/libextnet.so
7f653d010000-7f653d011000 r--p 00002000 08:05 10750991                   /usr/lib/jvm/java-17-openjdk-amd64/lib/libextnet.so
7f653d011000-7f653d012000 r--p 00002000 08:05 10750991                   /usr/lib/jvm/java-17-openjdk-amd64/lib/libextnet.so
7f653d012000-7f653d013000 rw-p 00003000 08:05 10750991                   /usr/lib/jvm/java-17-openjdk-amd64/lib/libextnet.so
7f653d013000-7f653d015000 r--p 00000000 08:05 10751008                   /usr/lib/jvm/java-17-openjdk-amd64/lib/libmanagement_ext.so
7f653d015000-7f653d018000 r-xp 00002000 08:05 10751008                   /usr/lib/jvm/java-17-openjdk-amd64/lib/libmanagement_ext.so
7f653d018000-7f653d01a000 r--p 00005000 08:05 10751008                   /usr/lib/jvm/java-17-openjdk-amd64/lib/libmanagement_ext.so
7f653d01a000-7f653d01b000 r--p 00006000 08:05 10751008                   /usr/lib/jvm/java-17-openjdk-amd64/lib/libmanagement_ext.so
7f653d01b000-7f653d01c000 rw-p 00007000 08:05 10751008                   /usr/lib/jvm/java-17-openjdk-amd64/lib/libmanagement_ext.so
7f653d01c000-7f653d01e000 r--p 00000000 08:05 10751006                   /usr/lib/jvm/java-17-openjdk-amd64/lib/libmanagement.so
7f653d01e000-7f653d01f000 r-xp 00002000 08:05 10751006                   /usr/lib/jvm/java-17-openjdk-amd64/lib/libmanagement.so
7f653d01f000-7f653d020000 r--p 00003000 08:05 10751006                   /usr/lib/jvm/java-17-openjdk-amd64/lib/libmanagement.so
7f653d020000-7f653d021000 r--p 00003000 08:05 10751006                   /usr/lib/jvm/java-17-openjdk-amd64/lib/libmanagement.so
7f653d021000-7f653d022000 rw-p 00004000 08:05 10751006                   /usr/lib/jvm/java-17-openjdk-amd64/lib/libmanagement.so
7f653d022000-7f653d026000 r--p 00000000 08:05 10751019                   /usr/lib/jvm/java-17-openjdk-amd64/lib/libverify.so
7f653d026000-7f653d02d000 r-xp 00004000 08:05 10751019                   /usr/lib/jvm/java-17-openjdk-amd64/lib/libverify.so
7f653d02d000-7f653d02f000 r--p 0000b000 08:05 10751019                   /usr/lib/jvm/java-17-openjdk-amd64/lib/libverify.so
7f653d02f000-7f653d030000 ---p 0000d000 08:05 10751019                   /usr/lib/jvm/java-17-openjdk-amd64/lib/libverify.so
7f653d030000-7f653d032000 r--p 0000d000 08:05 10751019                   /usr/lib/jvm/java-17-openjdk-amd64/lib/libverify.so
7f653d032000-7f653d033000 rw-p 0000f000 08:05 10751019                   /usr/lib/jvm/java-17-openjdk-amd64/lib/libverify.so
7f653d033000-7f653d064000 rw-p 00000000 00:00 0 
7f653d064000-7f653d065000 ---p 00000000 00:00 0 
7f653d065000-7f653d166000 rw-p 00000000 00:00 0 
7f653d166000-7f653d3d6000 rwxp 00000000 00:00 0 
7f653d3d6000-7f653d6f7000 ---p 00000000 00:00 0 
7f653d6f7000-7f653d977000 rwxp 00000000 00:00 0 
7f653d977000-7f6544c2e000 ---p 00000000 00:00 0 
7f6544c2e000-7f6544e9e000 rwxp 00000000 00:00 0 
7f6544e9e000-7f654c166000 ---p 00000000 00:00 0 
7f654c166000-7f6554000000 r--s 00000000 08:05 10751021                   /usr/lib/jvm/java-17-openjdk-amd64/lib/modules
7f6554000000-7f6554852000 rw-p 00000000 00:00 0 
7f6554852000-7f6558000000 ---p 00000000 00:00 0 
7f6558003000-7f655800a000 r--s 00000000 08:05 11538834                   /usr/lib/x86_64-linux-gnu/gconv/gconv-modules.cache
7f655800a000-7f655800e000 r--p 00000000 08:05 10751010                   /usr/lib/jvm/java-17-openjdk-amd64/lib/libnet.so
7f655800e000-7f655801c000 r-xp 00004000 08:05 10751010                   /usr/lib/jvm/java-17-openjdk-amd64/lib/libnet.so
7f655801c000-7f6558020000 r--p 00012000 08:05 10751010                   /usr/lib/jvm/java-17-openjdk-amd64/lib/libnet.so
7f6558020000-7f6558021000 r--p 00015000 08:05 10751010                   /usr/lib/jvm/java-17-openjdk-amd64/lib/libnet.so
7f6558021000-7f6558022000 rw-p 00016000 08:05 10751010                   /usr/lib/jvm/java-17-openjdk-amd64/lib/libnet.so
7f6558022000-7f6558028000 r--p 00000000 08:05 10751011                   /usr/lib/jvm/java-17-openjdk-amd64/lib/libnio.so
7f6558028000-7f6558031000 r-xp 00006000 08:05 10751011                   /usr/lib/jvm/java-17-openjdk-amd64/lib/libnio.so
7f6558031000-7f6558035000 r--p 0000f000 08:05 10751011                   /usr/lib/jvm/java-17-openjdk-amd64/lib/libnio.so
7f6558035000-7f6558036000 ---p 00013000 08:05 10751011                   /usr/lib/jvm/java-17-openjdk-amd64/lib/libnio.so
7f6558036000-7f6558037000 r--p 00013000 08:05 10751011                   /usr/lib/jvm/java-17-openjdk-amd64/lib/libnio.so
7f6558037000-7f6558038000 rw-p 00014000 08:05 10751011                   /usr/lib/jvm/java-17-openjdk-amd64/lib/libnio.so
7f6558038000-7f655803c000 r--p 00000000 08:05 10751017                   /usr/lib/jvm/java-17-openjdk-amd64/lib/libsvml.so
7f655803c000-7f655807d000 r-xp 00004000 08:05 10751017                   /usr/lib/jvm/java-17-openjdk-amd64/lib/libsvml.so
7f655807d000-7f6558106000 r--p 00045000 08:05 10751017                   /usr/lib/jvm/java-17-openjdk-amd64/lib/libsvml.so
7f6558106000-7f6558107000 r--p 000cd000 08:05 10751017                   /usr/lib/jvm/java-17-openjdk-amd64/lib/libsvml.so
7f6558107000-7f6558108000 rw-p 000ce000 08:05 10751017                   /usr/lib/jvm/java-17-openjdk-amd64/lib/libsvml.so
7f6558108000-7f6558225000 rw-p 00000000 00:00 0 
7f6558225000-7f6558226000 ---p 00000000 00:00 0 
7f6558226000-7f6558327000 rw-p 00000000 00:00 0 
7f6558327000-7f6558328000 ---p 00000000 00:00 0 
7f6558328000-7f655882d000 rw-p 00000000 00:00 0 
7f655882d000-7f655882e000 ---p 00000000 00:00 0 
7f655882e000-7f655892f000 rw-p 00000000 00:00 0 
7f655892f000-7f6558930000 ---p 00000000 00:00 0 
7f6558930000-7f6558a31000 rw-p 00000000 00:00 0 
7f6558a31000-7f6558a32000 ---p 00000000 00:00 0 
7f6558a32000-7f6558d53000 rw-p 00000000 00:00 0 
7f6558d53000-7f655919c000 rw-p 00000000 00:00 0 
7f655919c000-7f6559282000 ---p 00000000 00:00 0 
7f6559282000-7f6559287000 rw-p 00000000 00:00 0 
7f6559287000-7f655936d000 ---p 00000000 00:00 0 
7f655936d000-7f6559372000 rw-p 00000000 00:00 0 
7f6559372000-7f6559379000 ---p 00000000 00:00 0 
7f6559379000-7f6559385000 r--p 00000000 08:05 10750998                   /usr/lib/jvm/java-17-openjdk-amd64/lib/libjava.so
7f6559385000-7f6559398000 r-xp 0000c000 08:05 10750998                   /usr/lib/jvm/java-17-openjdk-amd64/lib/libjava.so
7f6559398000-7f655939e000 r--p 0001f000 08:05 10750998                   /usr/lib/jvm/java-17-openjdk-amd64/lib/libjava.so
7f655939e000-7f655939f000 ---p 00025000 08:05 10750998                   /usr/lib/jvm/java-17-openjdk-amd64/lib/libjava.so
7f655939f000-7f65593a0000 r--p 00025000 08:05 10750998                   /usr/lib/jvm/java-17-openjdk-amd64/lib/libjava.so
7f65593a0000-7f65593a1000 rw-p 00026000 08:05 10750998                   /usr/lib/jvm/java-17-openjdk-amd64/lib/libjava.so
7f65593a1000-7f65593a2000 rw-p 00000000 00:00 0 
7f65593a2000-7f65593a5000 r--p 00000000 08:05 10756423                   /usr/lib/x86_64-linux-gnu/libnss_files-2.31.so
7f65593a5000-7f65593ac000 r-xp 00003000 08:05 10756423                   /usr/lib/x86_64-linux-gnu/libnss_files-2.31.so
7f65593ac000-7f65593ae000 r--p 0000a000 08:05 10756423                   /usr/lib/x86_64-linux-gnu/libnss_files-2.31.so
7f65593ae000-7f65593af000 r--p 0000b000 08:05 10756423                   /usr/lib/x86_64-linux-gnu/libnss_files-2.31.so
7f65593af000-7f65593b0000 rw-p 0000c000 08:05 10756423                   /usr/lib/x86_64-linux-gnu/libnss_files-2.31.so
7f65593b0000-7f65593b6000 rw-p 00000000 00:00 0 
7f65593ba000-7f65593bd000 rw-p 00000000 00:00 0 
7f65593bd000-7f65593bf000 r--s 0000c000 08:05 11667287                   /usr/share/java/java-atk-wrapper.jar
7f65593bf000-7f65593c1000 r--p 00000000 08:05 10751020                   /usr/lib/jvm/java-17-openjdk-amd64/lib/libzip.so
7f65593c1000-7f65593c6000 r-xp 00002000 08:05 10751020                   /usr/lib/jvm/java-17-openjdk-amd64/lib/libzip.so
7f65593c6000-7f65593c8000 r--p 00007000 08:05 10751020                   /usr/lib/jvm/java-17-openjdk-amd64/lib/libzip.so
7f65593c8000-7f65593c9000 r--p 00008000 08:05 10751020                   /usr/lib/jvm/java-17-openjdk-amd64/lib/libzip.so
7f65593c9000-7f65593ca000 rw-p 00009000 08:05 10751020                   /usr/lib/jvm/java-17-openjdk-amd64/lib/libzip.so
7f65593ca000-7f65593ce000 ---p 00000000 00:00 0 
7f65593ce000-7f65594cb000 rw-p 00000000 00:00 0 
7f65594cb000-7f65594ce000 r--p 00000000 08:05 10756000                   /usr/lib/x86_64-linux-gnu/libgcc_s.so.1
7f65594ce000-7f65594e0000 r-xp 00003000 08:05 10756000                   /usr/lib/x86_64-linux-gnu/libgcc_s.so.1
7f65594e0000-7f65594e4000 r--p 00015000 08:05 10756000                   /usr/lib/x86_64-linux-gnu/libgcc_s.so.1
7f65594e4000-7f65594e5000 r--p 00018000 08:05 10756000                   /usr/lib/x86_64-linux-gnu/libgcc_s.so.1
7f65594e5000-7f65594e6000 rw-p 00019000 08:05 10756000                   /usr/lib/x86_64-linux-gnu/libgcc_s.so.1
7f65594e6000-7f65594f5000 r--p 00000000 08:05 10756275                   /usr/lib/x86_64-linux-gnu/libm-2.31.so
7f65594f5000-7f655959c000 r-xp 0000f000 08:05 10756275                   /usr/lib/x86_64-linux-gnu/libm-2.31.so
7f655959c000-7f6559633000 r--p 000b6000 08:05 10756275                   /usr/lib/x86_64-linux-gnu/libm-2.31.so
7f6559633000-7f6559634000 r--p 0014c000 08:05 10756275                   /usr/lib/x86_64-linux-gnu/libm-2.31.so
7f6559634000-7f6559635000 rw-p 0014d000 08:05 10756275                   /usr/lib/x86_64-linux-gnu/libm-2.31.so
7f6559635000-7f65596cb000 r--p 00000000 08:05 10755601                   /usr/lib/x86_64-linux-gnu/libstdc++.so.6.0.28
7f65596cb000-7f65597bc000 r-xp 00096000 08:05 10755601                   /usr/lib/x86_64-linux-gnu/libstdc++.so.6.0.28
7f65597bc000-7f6559805000 r--p 00187000 08:05 10755601                   /usr/lib/x86_64-linux-gnu/libstdc++.so.6.0.28
7f6559805000-7f6559806000 ---p 001d0000 08:05 10755601                   /usr/lib/x86_64-linux-gnu/libstdc++.so.6.0.28
7f6559806000-7f6559811000 r--p 001d0000 08:05 10755601                   /usr/lib/x86_64-linux-gnu/libstdc++.so.6.0.28
7f6559811000-7f6559814000 rw-p 001db000 08:05 10755601                   /usr/lib/x86_64-linux-gnu/libstdc++.so.6.0.28
7f6559814000-7f6559817000 rw-p 00000000 00:00 0 
7f6559817000-7f6559a66000 r--p 00000000 08:05 10751027                   /usr/lib/jvm/java-17-openjdk-amd64/lib/server/libjvm.so
7f6559a66000-7f655a7f6000 r-xp 0024f000 08:05 10751027                   /usr/lib/jvm/java-17-openjdk-amd64/lib/server/libjvm.so
7f655a7f6000-7f655aa7a000 r--p 00fdf000 08:05 10751027                   /usr/lib/jvm/java-17-openjdk-amd64/lib/server/libjvm.so
7f655aa7a000-7f655aa7b000 ---p 01263000 08:05 10751027                   /usr/lib/jvm/java-17-openjdk-amd64/lib/server/libjvm.so
7f655aa7b000-7f655ab33000 r--p 01263000 08:05 10751027                   /usr/lib/jvm/java-17-openjdk-amd64/lib/server/libjvm.so
7f655ab33000-7f655ab67000 rw-p 0131b000 08:05 10751027                   /usr/lib/jvm/java-17-openjdk-amd64/lib/server/libjvm.so
7f655ab67000-7f655abc3000 rw-p 00000000 00:00 0 
7f655abc3000-7f655abca000 r--p 00000000 08:05 10756576                   /usr/lib/x86_64-linux-gnu/libpthread-2.31.so
7f655abca000-7f655abdb000 r-xp 00007000 08:05 10756576                   /usr/lib/x86_64-linux-gnu/libpthread-2.31.so
7f655abdb000-7f655abe0000 r--p 00018000 08:05 10756576                   /usr/lib/x86_64-linux-gnu/libpthread-2.31.so
7f655abe0000-7f655abe1000 r--p 0001c000 08:05 10756576                   /usr/lib/x86_64-linux-gnu/libpthread-2.31.so
7f655abe1000-7f655abe2000 rw-p 0001d000 08:05 10756576                   /usr/lib/x86_64-linux-gnu/libpthread-2.31.so
7f655abe2000-7f655abe6000 rw-p 00000000 00:00 0 
7f655abe6000-7f655abe7000 r--p 00000000 08:05 10755734                   /usr/lib/x86_64-linux-gnu/libdl-2.31.so
7f655abe7000-7f655abe9000 r-xp 00001000 08:05 10755734                   /usr/lib/x86_64-linux-gnu/libdl-2.31.so
7f655abe9000-7f655abea000 r--p 00003000 08:05 10755734                   /usr/lib/x86_64-linux-gnu/libdl-2.31.so
7f655abea000-7f655abeb000 r--p 00003000 08:05 10755734                   /usr/lib/x86_64-linux-gnu/libdl-2.31.so
7f655abeb000-7f655abec000 rw-p 00004000 08:05 10755734                   /usr/lib/x86_64-linux-gnu/libdl-2.31.so
7f655abec000-7f655abee000 r--p 00000000 08:05 10757014                   /usr/lib/x86_64-linux-gnu/libz.so.1.2.11
7f655abee000-7f655abff000 r-xp 00002000 08:05 10757014                   /usr/lib/x86_64-linux-gnu/libz.so.1.2.11
7f655abff000-7f655ac05000 r--p 00013000 08:05 10757014                   /usr/lib/x86_64-linux-gnu/libz.so.1.2.11
7f655ac05000-7f655ac06000 ---p 00019000 08:05 10757014                   /usr/lib/x86_64-linux-gnu/libz.so.1.2.11
7f655ac06000-7f655ac07000 r--p 00019000 08:05 10757014                   /usr/lib/x86_64-linux-gnu/libz.so.1.2.11
7f655ac07000-7f655ac08000 rw-p 0001a000 08:05 10757014                   /usr/lib/x86_64-linux-gnu/libz.so.1.2.11
7f655ac08000-7f655ac2d000 r--p 00000000 08:05 10755573                   /usr/lib/x86_64-linux-gnu/libc-2.31.so
7f655ac2d000-7f655ada5000 r-xp 00025000 08:05 10755573                   /usr/lib/x86_64-linux-gnu/libc-2.31.so
7f655ada5000-7f655adef000 r--p 0019d000 08:05 10755573                   /usr/lib/x86_64-linux-gnu/libc-2.31.so
7f655adef000-7f655adf0000 ---p 001e7000 08:05 10755573                   /usr/lib/x86_64-linux-gnu/libc-2.31.so
7f655adf0000-7f655adf3000 r--p 001e7000 08:05 10755573                   /usr/lib/x86_64-linux-gnu/libc-2.31.so
7f655adf3000-7f655adf6000 rw-p 001ea000 08:05 10755573                   /usr/lib/x86_64-linux-gnu/libc-2.31.so
7f655adf6000-7f655adfa000 rw-p 00000000 00:00 0 
7f655adfb000-7f655ae03000 rw-s 00000000 08:05 11803104                   /tmp/hsperfdata_dawids/3593
7f655ae03000-7f655ae04000 ---p 00000000 00:00 0 
7f655ae04000-7f655ae05000 r--p 00000000 00:00 0 
7f655ae05000-7f655ae07000 r--p 00000000 08:05 10751001                   /usr/lib/jvm/java-17-openjdk-amd64/lib/libjimage.so
7f655ae07000-7f655ae0a000 r-xp 00002000 08:05 10751001                   /usr/lib/jvm/java-17-openjdk-amd64/lib/libjimage.so
7f655ae0a000-7f655ae0b000 r--p 00005000 08:05 10751001                   /usr/lib/jvm/java-17-openjdk-amd64/lib/libjimage.so
7f655ae0b000-7f655ae0c000 ---p 00006000 08:05 10751001                   /usr/lib/jvm/java-17-openjdk-amd64/lib/libjimage.so
7f655ae0c000-7f655ae0d000 r--p 00006000 08:05 10751001                   /usr/lib/jvm/java-17-openjdk-amd64/lib/libjimage.so
7f655ae0d000-7f655ae0e000 rw-p 00007000 08:05 10751001                   /usr/lib/jvm/java-17-openjdk-amd64/lib/libjimage.so
7f655ae0e000-7f655ae10000 r--p 00000000 08:05 10751002                   /usr/lib/jvm/java-17-openjdk-amd64/lib/libjli.so
7f655ae10000-7f655ae1a000 r-xp 00002000 08:05 10751002                   /usr/lib/jvm/java-17-openjdk-amd64/lib/libjli.so
7f655ae1a000-7f655ae1d000 r--p 0000c000 08:05 10751002                   /usr/lib/jvm/java-17-openjdk-amd64/lib/libjli.so
7f655ae1d000-7f655ae1e000 ---p 0000f000 08:05 10751002                   /usr/lib/jvm/java-17-openjdk-amd64/lib/libjli.so
7f655ae1e000-7f655ae1f000 r--p 0000f000 08:05 10751002                   /usr/lib/jvm/java-17-openjdk-amd64/lib/libjli.so
7f655ae1f000-7f655ae20000 rw-p 00010000 08:05 10751002                   /usr/lib/jvm/java-17-openjdk-amd64/lib/libjli.so
7f655ae20000-7f655ae22000 rw-p 00000000 00:00 0 
7f655ae22000-7f655ae23000 r--p 00000000 08:05 10755308                   /usr/lib/x86_64-linux-gnu/ld-2.31.so
7f655ae23000-7f655ae46000 r-xp 00001000 08:05 10755308                   /usr/lib/x86_64-linux-gnu/ld-2.31.so
7f655ae46000-7f655ae4e000 r--p 00024000 08:05 10755308                   /usr/lib/x86_64-linux-gnu/ld-2.31.so
7f655ae4e000-7f655ae4f000 ---p 00000000 00:00 0 
7f655ae4f000-7f655ae50000 r--p 0002c000 08:05 10755308                   /usr/lib/x86_64-linux-gnu/ld-2.31.so
7f655ae50000-7f655ae51000 rw-p 0002d000 08:05 10755308                   /usr/lib/x86_64-linux-gnu/ld-2.31.so
7f655ae51000-7f655ae52000 rw-p 00000000 00:00 0 
7fffb11a8000-7fffb11c9000 rw-p 00000000 00:00 0                          [stack]
7fffb11ca000-7fffb11cd000 r--p 00000000 00:00 0                          [vvar]
7fffb11cd000-7fffb11ce000 r-xp 00000000 00:00 0                          [vdso]
ffffffffff600000-ffffffffff601000 --xp 00000000 00:00 0                  [vsyscall]


VM Arguments:
jvm_args: -Xmx64m -Xms64m -Dorg.gradle.appname=gradlew 
java_command: org.gradle.wrapper.GradleWrapperMain run
java_class_path (initial): /home/dawids/Projects/CS4013-Project/gradle/wrapper/gradle-wrapper.jar
Launcher Type: SUN_STANDARD

[Global flags]
     intx CICompilerCount                          = 3                                         {product} {ergonomic}
     uint ConcGCThreads                            = 1                                         {product} {ergonomic}
     uint G1ConcRefinementThreads                  = 4                                         {product} {ergonomic}
   size_t G1HeapRegionSize                         = 1048576                                   {product} {ergonomic}
    uintx GCDrainStackTargetSize                   = 64                                        {product} {ergonomic}
   size_t InitialHeapSize                          = 67108864                                  {product} {command line}
   size_t MarkStackSize                            = 4194304                                   {product} {ergonomic}
   size_t MaxHeapSize                              = 67108864                                  {product} {command line}
   size_t MaxNewSize                               = 39845888                                  {product} {ergonomic}
   size_t MinHeapDeltaBytes                        = 1048576                                   {product} {ergonomic}
   size_t MinHeapSize                              = 67108864                                  {product} {command line}
    uintx NonNMethodCodeHeapSize                   = 5832780                                {pd product} {ergonomic}
    uintx NonProfiledCodeHeapSize                  = 122912730                              {pd product} {ergonomic}
    uintx ProfiledCodeHeapSize                     = 122912730                              {pd product} {ergonomic}
    uintx ReservedCodeCacheSize                    = 251658240                              {pd product} {ergonomic}
     bool SegmentedCodeCache                       = true                                      {product} {ergonomic}
   size_t SoftMaxHeapSize                          = 67108864                               {manageable} {ergonomic}
     bool UseCompressedClassPointers               = true                           {product lp64_product} {ergonomic}
     bool UseCompressedOops                        = true                           {product lp64_product} {ergonomic}
     bool UseG1GC                                  = true                                      {product} {ergonomic}

Logging:
Log output configuration:
 #0: stdout all=warning uptime,level,tags
 #1: stderr all=off uptime,level,tags

Environment Variables:
PATH=/usr/local/sbin:/usr/local/bin:/usr/sbin:/usr/bin:/sbin:/bin:/usr/games:/usr/local/games:/snap/bin
SHELL=/bin/bash
DISPLAY=:0
LANG=en_IE.UTF-8

Signal Handlers:
   SIGSEGV: 0x00007f655a773cd0 in libjvm.so+16108752, mask=11100100010111111101111111111110, flags=SA_RESTART|SA_SIGINFO
    SIGBUS: 0x00007f655a773cd0 in libjvm.so+16108752, mask=11100100010111111101111111111110, flags=SA_RESTART|SA_SIGINFO
    SIGFPE: 0x00007f655a773cd0 in libjvm.so+16108752, mask=11100100010111111101111111111110, flags=SA_RESTART|SA_SIGINFO
   SIGPIPE: 0x00007f655a616140 in libjvm.so+14676288, mask=11100100010111111101111111111110, flags=SA_RESTART|SA_SIGINFO
   SIGXFSZ: 0x00007f655a616140 in libjvm.so+14676288, mask=11100100010111111101111111111110, flags=SA_RESTART|SA_SIGINFO
    SIGILL: 0x00007f655a773cd0 in libjvm.so+16108752, mask=11100100010111111101111111111110, flags=SA_RESTART|SA_SIGINFO
   SIGUSR2: 0x00007f655a6157d0 in libjvm.so+14673872, mask=00000000000000000000000000000000, flags=SA_RESTART|SA_SIGINFO
    SIGHUP: 0x00007f655a615710 in libjvm.so+14673680, mask=11100100010111111101111111111110, flags=SA_RESTART|SA_SIGINFO
    SIGINT: 0x00007f655a615710 in libjvm.so+14673680, mask=11100100010111111101111111111110, flags=SA_RESTART|SA_SIGINFO
   SIGTERM: 0x00007f655a615710 in libjvm.so+14673680, mask=11100100010111111101111111111110, flags=SA_RESTART|SA_SIGINFO
   SIGQUIT: 0x00007f655a615710 in libjvm.so+14673680, mask=11100100010111111101111111111110, flags=SA_RESTART|SA_SIGINFO
   SIGTRAP: 0x00007f655a773cd0 in libjvm.so+16108752, mask=11100100010111111101111111111110, flags=SA_RESTART|SA_SIGINFO


---------------  S Y S T E M  ---------------

OS:
DISTRIB_ID=LinuxMint
DISTRIB_RELEASE=20.2
DISTRIB_CODENAME=uma
DISTRIB_DESCRIPTION="Linux Mint 20.2 Uma"
uname: Linux 5.4.0-90-generic #101-Ubuntu SMP Fri Oct 15 20:00:55 UTC 2021 x86_64
OS uptime: 0 days 0:17 hours
libc: glibc 2.31 NPTL 2.31 
rlimit (soft/hard): STACK 8192k/infinity , CORE 0k/infinity , NPROC 63498/63498 , NOFILE 1048576/1048576 , AS infinity/infinity , CPU infinity/infinity , DATA infinity/infinity , FSIZE infinity/infinity , MEMLOCK 65536k/65536k
load average: 0.00 0.14 0.25

/proc/meminfo:
MemTotal:       16349608 kB
MemFree:        12365692 kB
MemAvailable:   13859252 kB
Buffers:          153348 kB
Cached:          1757528 kB
SwapCached:            0 kB
Active:          2633956 kB
Inactive:         956100 kB
Active(anon):    1808732 kB
Inactive(anon):    76204 kB
Active(file):     825224 kB
Inactive(file):   879896 kB
Unevictable:      120300 kB
Mlocked:              48 kB
SwapTotal:       2097148 kB
SwapFree:        2097148 kB
Dirty:                44 kB
Writeback:             0 kB
AnonPages:       1799708 kB
Mapped:           537528 kB
Shmem:            205760 kB
KReclaimable:      91160 kB
Slab:             188180 kB
SReclaimable:      91160 kB
SUnreclaim:        97020 kB
KernelStack:       11712 kB
PageTables:        24656 kB
NFS_Unstable:          0 kB
Bounce:                0 kB
WritebackTmp:          0 kB
CommitLimit:    10271952 kB
Committed_AS:    6854424 kB
VmallocTotal:   34359738367 kB
VmallocUsed:       27168 kB
VmallocChunk:          0 kB
Percpu:             2688 kB
HardwareCorrupted:     0 kB
AnonHugePages:         0 kB
ShmemHugePages:        0 kB
ShmemPmdMapped:        0 kB
FileHugePages:         0 kB
FilePmdMapped:         0 kB
CmaTotal:              0 kB
CmaFree:               0 kB
HugePages_Total:       0
HugePages_Free:        0
HugePages_Rsvd:        0
HugePages_Surp:        0
Hugepagesize:       2048 kB
Hugetlb:               0 kB
DirectMap4k:      185540 kB
DirectMap2M:    16543744 kB

/sys/kernel/mm/transparent_hugepage/enabled: always [madvise] never
/sys/kernel/mm/transparent_hugepage/defrag (defrag/compaction efforts parameter): always defer defer+madvise [madvise] never

Process Memory:
Virtual Size: 3260972K (peak: 3264660K)
Resident Set Size: 107888K (peak: 112456K) (anon: 78760K, file: 29128K, shmem: 0K)
Swapped out: 0K
C-Heap outstanding allocations: 9318K

/proc/sys/kernel/threads-max (system-wide limit on the number of threads): 126997
/proc/sys/vm/max_map_count (maximum number of memory map areas a process may have): 65530
/proc/sys/kernel/pid_max (system-wide limit on number of process identifiers): 4194304

container (cgroup) information:
container_type: cgroupv1
cpu_cpuset_cpus: 0-3
cpu_memory_nodes: 0
active_processor_count: 4
cpu_quota: no quota
cpu_period: 100000
cpu_shares: no shares
memory_limit_in_bytes: unlimited
memory_and_swap_limit_in_bytes: not supported
memory_soft_limit_in_bytes: unlimited
memory_usage_in_bytes: 2115670016
memory_max_usage_in_bytes: 2265116672

Steal ticks since vm start: 0
Steal ticks percentage since vm start:  0.000

CPU: total 4 (initial active 4) (2 cores per cpu, 2 threads per core) family 6 model 42 stepping 7 microcode 0x2f, cx8, cmov, fxsr, ht, mmx, sse, sse2, sse3, ssse3, sse4.1, sse4.2, popcnt, tsc, tscinvbit, avx, aes, clmul, vzeroupper, clflush
CPU Model and flags from /proc/cpuinfo:
model name	: Intel(R) Core(TM) i7-2620M CPU @ 2.70GHz
flags		: fpu vme de pse tsc msr pae mce cx8 apic sep mtrr pge mca cmov pat pse36 clflush dts acpi mmx fxsr sse sse2 ht tm pbe syscall nx rdtscp lm constant_tsc arch_perfmon pebs bts rep_good nopl xtopology nonstop_tsc cpuid aperfmperf pni pclmulqdq dtes64 monitor ds_cpl vmx smx est tm2 ssse3 cx16 xtpr pdcm pcid sse4_1 sse4_2 x2apic popcnt tsc_deadline_timer aes xsave avx lahf_lm epb pti ssbd ibrs ibpb stibp tpr_shadow vnmi flexpriority ept vpid xsaveopt dtherm ida arat pln pts md_clear flush_l1d

Online cpus: 0-3
Offline cpus: 
BIOS frequency limitation: <Not Available>
Frequency switch latency (ns): 0
Available cpu frequencies: <Not Available>
Current governor: powersave
Core performance/turbo boost: <Not Available>

Memory: 4k page, physical 16349608k(12365692k free), swap 2097148k(2097148k free)
Page Sizes: 4k

vm_info: OpenJDK 64-Bit Server VM (17+35-Ubuntu-120.04) for linux-amd64 JRE (17+35-Ubuntu-120.04), built on Sep 15 2021 10:18:39 by "unknown" with gcc 9.3.0

END.
